#
# There is insufficient memory for the Java Runtime Environment to continue.
# Native memory allocation (mmap) failed to map 34603008 bytes for committing reserved memory.
# Possible reasons:
#   The system is out of physical RAM or swap space
#   In 32 bit mode, the process size limit was hit
# Possible solutions:
#   Reduce memory load on the system
#   Increase physical memory or swap space
#   Check if swap backing store is full
#   Use 64 bit Java on a 64 bit OS
#   Decrease Java heap size (-Xmx/-Xms)
#   Decrease number of Java threads
#   Decrease Java thread stack sizes (-Xss)
#   Set larger code cache with -XX:ReservedCodeCacheSize=
# This output file may be truncated or incomplete.
#
#  Out of Memory Error (os_linux.cpp:2640), pid=5495, tid=0x00007f19f37f7700
#
# JRE version: Java(TM) SE Runtime Environment (8.0_144-b01) (build 1.8.0_144-b01)
# Java VM: Java HotSpot(TM) 64-Bit Server VM (25.144-b01 mixed mode linux-amd64 compressed oops)
# Failed to write core dump. Core dumps have been disabled. To enable core dumping, try "ulimit -c unlimited" before starting Java again
#

---------------  T H R E A D  ---------------

Current thread (0x00007f1a08077800):  VMThread [stack: 0x00007f19f36f7000,0x00007f19f37f8000] [id=5519]

Stack: [0x00007f19f36f7000,0x00007f19f37f8000],  sp=0x00007f19f37f61a0,  free space=1020k
Native frames: (J=compiled Java code, j=interpreted, Vv=VM code, C=native code)
V  [libjvm.so+0xacb18a]  VMError::report_and_die()+0x2ba
V  [libjvm.so+0x4ff4db]  report_vm_out_of_memory(char const*, int, unsigned long, VMErrorType, char const*)+0x8b
V  [libjvm.so+0x927d23]  os::Linux::commit_memory_impl(char*, unsigned long, bool)+0x103
V  [libjvm.so+0x928279]  os::pd_commit_memory(char*, unsigned long, unsigned long, bool)+0x29
V  [libjvm.so+0x92249a]  os::commit_memory(char*, unsigned long, unsigned long, bool)+0x2a
V  [libjvm.so+0x996ff3]  PSVirtualSpace::expand_by(unsigned long)+0x53
V  [libjvm.so+0x9983f8]  PSYoungGen::resize_generation(unsigned long, unsigned long)+0xf8
V  [libjvm.so+0x997552]  PSYoungGen::resize(unsigned long, unsigned long)+0x22
V  [libjvm.so+0x99482b]  PSScavenge::invoke_no_policy()+0xf3b
V  [libjvm.so+0x994fb1]  PSScavenge::invoke()+0x41
V  [libjvm.so+0x94bce0]  ParallelScavengeHeap::failed_mem_allocate(unsigned long)+0x70
V  [libjvm.so+0xaccba7]  VM_ParallelGCFailedAllocation::doit()+0x97
V  [libjvm.so+0xad4685]  VM_Operation::evaluate()+0x55
V  [libjvm.so+0xad2a5a]  VMThread::evaluate_operation(VM_Operation*)+0xba
V  [libjvm.so+0xad2dde]  VMThread::loop()+0x1ce
V  [libjvm.so+0xad3250]  VMThread::run()+0x70
V  [libjvm.so+0x92a338]  java_start(Thread*)+0x108

VM_Operation (0x00007f1a11d43ea0): ParallelGCFailedAllocation, mode: safepoint, requested by thread 0x00007f1a0800a000


---------------  P R O C E S S  ---------------

Java Threads: ( => current thread )
  0x00007f1a08f71000 JavaThread "resolver-5" daemon [_thread_blocked, id=5535, stack(0x00007f19f056c000,0x00007f19f066d000)]
  0x00007f1a08f6f000 JavaThread "resolver-4" daemon [_thread_blocked, id=5534, stack(0x00007f19f066d000,0x00007f19f076e000)]
  0x00007f1a08ed3800 JavaThread "resolver-3" daemon [_thread_blocked, id=5533, stack(0x00007f19f076e000,0x00007f19f086f000)]
  0x00007f1a09013000 JavaThread "resolver-2" daemon [_thread_blocked, id=5532, stack(0x00007f19f086f000,0x00007f19f0970000)]
  0x00007f1a09014800 JavaThread "resolver-1" daemon [_thread_blocked, id=5531, stack(0x00007f19f0970000,0x00007f19f0a71000)]
  0x00007f1a080d3800 JavaThread "Service Thread" daemon [_thread_blocked, id=5526, stack(0x00007f19f2500000,0x00007f19f2601000)]
  0x00007f1a080be000 JavaThread "C1 CompilerThread2" daemon [_thread_blocked, id=5525, stack(0x00007f19f2601000,0x00007f19f2702000)]
  0x00007f1a080bc800 JavaThread "C2 CompilerThread1" daemon [_thread_blocked, id=5524, stack(0x00007f19f2702000,0x00007f19f2803000)]
  0x00007f1a080b9800 JavaThread "C2 CompilerThread0" daemon [_thread_blocked, id=5523, stack(0x00007f19f2803000,0x00007f19f2904000)]
  0x00007f1a080b5800 JavaThread "Signal Dispatcher" daemon [_thread_blocked, id=5522, stack(0x00007f19f2904000,0x00007f19f2a05000)]
  0x00007f1a08083800 JavaThread "Finalizer" daemon [_thread_blocked, id=5521, stack(0x00007f19f34f5000,0x00007f19f35f6000)]
  0x00007f1a0807f000 JavaThread "Reference Handler" daemon [_thread_blocked, id=5520, stack(0x00007f19f35f6000,0x00007f19f36f7000)]
  0x00007f1a0800a000 JavaThread "main" [_thread_blocked, id=5514, stack(0x00007f1a11c46000,0x00007f1a11d47000)]

Other Threads:
=>0x00007f1a08077800 VMThread [stack: 0x00007f19f36f7000,0x00007f19f37f8000] [id=5519]
  0x00007f1a080d6800 WatcherThread [stack: 0x00007f19f23ff000,0x00007f19f2500000] [id=5527]

VM state:at safepoint (normal execution)

VM Mutex/Monitor currently owned by a thread:  ([mutex/lock_event])
[0x00007f1a080061a0] Threads_lock - owner thread: 0x00007f1a08077800
[0x00007f1a080066a0] Heap_lock - owner thread: 0x00007f1a0800a000

Heap:
 PSYoungGen      total 129024K, used 6686K [0x00000000ec300000, 0x00000000f4f80000, 0x0000000100000000)
  eden space 114176K, 0% used [0x00000000ec300000,0x00000000ec300000,0x00000000f3280000)
  from space 14848K, 45% used [0x00000000f4100000,0x00000000f4787998,0x00000000f4f80000)
  to   space 11776K, 0% used [0x00000000f3400000,0x00000000f3400000,0x00000000f3f80000)
 ParOldGen       total 35840K, used 25572K [0x00000000c4800000, 0x00000000c6b00000, 0x00000000ec300000)
  object space 35840K, 71% used [0x00000000c4800000,0x00000000c60f9258,0x00000000c6b00000)
 Metaspace       used 30077K, capacity 30988K, committed 31232K, reserved 1077248K
  class space    used 3510K, capacity 3751K, committed 3840K, reserved 1048576K

Card table byte_map: [0x00007f1a0e805000,0x00007f1a0e9e2000] byte_map_base: 0x00007f1a0e1e1000

Marking Bits: (ParMarkBitMap*) 0x00007f1a11112dc0
 Begin Bits: [0x00007f1a0c503000, 0x00007f1a0d3e3000)
 End Bits:   [0x00007f1a0d3e3000, 0x00007f1a0e2c3000)

Polling page: 0x00007f1a11d63000

CodeCache: size=245760Kb used=19601Kb max_used=19601Kb free=226158Kb
 bounds [0x00007f19f9000000, 0x00007f19fa340000, 0x00007f1a08000000]
 total_blobs=5815 nmethods=5416 adapters=312
 compilation: enabled

Compilation events (10 events):
Event: 23,192 Thread 0x00007f1a080be000 5954       1       org.codehaus.plexus.components.io.resources.AbstractPlexusIoResourceCollectionWithAttributes::getDefaultFileAttributes (5 bytes)
Event: 23,193 Thread 0x00007f1a080be000 nmethod 5954 0x00007f19fa337890 code [0x00007f19fa3379e0, 0x00007f19fa337af0]
Event: 23,193 Thread 0x00007f1a080be000 5955       1       org.codehaus.plexus.components.io.resources.AbstractPlexusIoResource::isFile (5 bytes)
Event: 23,193 Thread 0x00007f1a080be000 nmethod 5955 0x00007f19fa337b50 code [0x00007f19fa337ca0, 0x00007f19fa337db0]
Event: 23,211 Thread 0x00007f1a080be000 5957       3       org.codehaus.plexus.components.io.attributes.PlexusIoResourceAttributeUtils::mergeAttributes (341 bytes)
Event: 23,215 Thread 0x00007f1a080be000 nmethod 5957 0x00007f19fa337e10 code [0x00007f19fa338140, 0x00007f19fa339d90]
Event: 23,215 Thread 0x00007f1a080be000 5956       3       org.codehaus.plexus.components.io.fileselectors.IncludeExcludeFileSelector::getCanonicalName (18 bytes)
Event: 23,215 Thread 0x00007f1a080be000 nmethod 5956 0x00007f19fa33a890 code [0x00007f19fa33aa00, 0x00007f19fa33acb8]
Event: 23,223 Thread 0x00007f1a080be000 5962       3       org.codehaus.plexus.archiver.filters.JarSecurityFileSelector::isSelected (43 bytes)
Event: 23,224 Thread 0x00007f1a080be000 nmethod 5962 0x00007f19fa33add0 code [0x00007f19fa33afc0, 0x00007f19fa33b828]

GC Heap History (10 events):
Event: 6,549 GC heap after
Heap after GC invocations=6 (full 0):
 PSYoungGen      total 67072K, used 5973K [0x00000000ec300000, 0x00000000f0c00000, 0x0000000100000000)
  eden space 60928K, 0% used [0x00000000ec300000,0x00000000ec300000,0x00000000efe80000)
  from space 6144K, 97% used [0x00000000f0500000,0x00000000f0ad5658,0x00000000f0b00000)
  to   space 6656K, 0% used [0x00000000efe80000,0x00000000efe80000,0x00000000f0500000)
 ParOldGen       total 40960K, used 7121K [0x00000000c4800000, 0x00000000c7000000, 0x00000000ec300000)
  object space 40960K, 17% used [0x00000000c4800000,0x00000000c4ef44d0,0x00000000c7000000)
 Metaspace       used 16207K, capacity 16498K, committed 16768K, reserved 1064960K
  class space    used 1961K, capacity 2072K, committed 2176K, reserved 1048576K
}
Event: 9,610 GC heap before
{Heap before GC invocations=7 (full 0):
 PSYoungGen      total 67072K, used 60056K [0x00000000ec300000, 0x00000000f0c00000, 0x0000000100000000)
  eden space 60928K, 88% used [0x00000000ec300000,0x00000000ef7d0a20,0x00000000efe80000)
  from space 6144K, 97% used [0x00000000f0500000,0x00000000f0ad5658,0x00000000f0b00000)
  to   space 6656K, 0% used [0x00000000efe80000,0x00000000efe80000,0x00000000f0500000)
 ParOldGen       total 40960K, used 7121K [0x00000000c4800000, 0x00000000c7000000, 0x00000000ec300000)
  object space 40960K, 17% used [0x00000000c4800000,0x00000000c4ef44d0,0x00000000c7000000)
 Metaspace       used 20692K, capacity 21174K, committed 21296K, reserved 1069056K
  class space    used 2537K, capacity 2688K, committed 2688K, reserved 1048576K
Event: 9,645 GC heap after
Heap after GC invocations=7 (full 0):
 PSYoungGen      total 67584K, used 6648K [0x00000000ec300000, 0x00000000f4b00000, 0x0000000100000000)
  eden space 60928K, 0% used [0x00000000ec300000,0x00000000ec300000,0x00000000efe80000)
  from space 6656K, 99% used [0x00000000efe80000,0x00000000f04fe2a0,0x00000000f0500000)
  to   space 8704K, 0% used [0x00000000f4280000,0x00000000f4280000,0x00000000f4b00000)
 ParOldGen       total 40960K, used 8817K [0x00000000c4800000, 0x00000000c7000000, 0x00000000ec300000)
  object space 40960K, 21% used [0x00000000c4800000,0x00000000c509c460,0x00000000c7000000)
 Metaspace       used 20692K, capacity 21174K, committed 21296K, reserved 1069056K
  class space    used 2537K, capacity 2688K, committed 2688K, reserved 1048576K
}
Event: 9,645 GC heap before
{Heap before GC invocations=8 (full 1):
 PSYoungGen      total 67584K, used 6648K [0x00000000ec300000, 0x00000000f4b00000, 0x0000000100000000)
  eden space 60928K, 0% used [0x00000000ec300000,0x00000000ec300000,0x00000000efe80000)
  from space 6656K, 99% used [0x00000000efe80000,0x00000000f04fe2a0,0x00000000f0500000)
  to   space 8704K, 0% used [0x00000000f4280000,0x00000000f4280000,0x00000000f4b00000)
 ParOldGen       total 40960K, used 8817K [0x00000000c4800000, 0x00000000c7000000, 0x00000000ec300000)
  object space 40960K, 21% used [0x00000000c4800000,0x00000000c509c460,0x00000000c7000000)
 Metaspace       used 20692K, capacity 21174K, committed 21296K, reserved 1069056K
  class space    used 2537K, capacity 2688K, committed 2688K, reserved 1048576K
Event: 9,773 GC heap after
Heap after GC invocations=8 (full 1):
 PSYoungGen      total 67584K, used 0K [0x00000000ec300000, 0x00000000f4b00000, 0x0000000100000000)
  eden space 60928K, 0% used [0x00000000ec300000,0x00000000ec300000,0x00000000efe80000)
  from space 6656K, 0% used [0x00000000efe80000,0x00000000efe80000,0x00000000f0500000)
  to   space 8704K, 0% used [0x00000000f4280000,0x00000000f4280000,0x00000000f4b00000)
 ParOldGen       total 35840K, used 9463K [0x00000000c4800000, 0x00000000c6b00000, 0x00000000ec300000)
  object space 35840K, 26% used [0x00000000c4800000,0x00000000c513dc48,0x00000000c6b00000)
 Metaspace       used 20692K, capacity 21174K, committed 21296K, reserved 1069056K
  class space    used 2537K, capacity 2688K, committed 2688K, reserved 1048576K
}
Event: 13,221 GC heap before
{Heap before GC invocations=9 (full 1):
 PSYoungGen      total 67584K, used 60928K [0x00000000ec300000, 0x00000000f4b00000, 0x0000000100000000)
  eden space 60928K, 100% used [0x00000000ec300000,0x00000000efe80000,0x00000000efe80000)
  from space 6656K, 0% used [0x00000000efe80000,0x00000000efe80000,0x00000000f0500000)
  to   space 8704K, 0% used [0x00000000f4280000,0x00000000f4280000,0x00000000f4b00000)
 ParOldGen       total 35840K, used 9463K [0x00000000c4800000, 0x00000000c6b00000, 0x00000000ec300000)
  object space 35840K, 26% used [0x00000000c4800000,0x00000000c513dc48,0x00000000c6b00000)
 Metaspace       used 23852K, capacity 24336K, committed 24576K, reserved 1071104K
  class space    used 2812K, capacity 2949K, committed 3072K, reserved 1048576K
Event: 13,242 GC heap after
Heap after GC invocations=9 (full 1):
 PSYoungGen      total 98816K, used 8685K [0x00000000ec300000, 0x00000000f4b00000, 0x0000000100000000)
  eden space 90112K, 0% used [0x00000000ec300000,0x00000000ec300000,0x00000000f1b00000)
  from space 8704K, 99% used [0x00000000f4280000,0x00000000f4afb648,0x00000000f4b00000)
  to   space 11776K, 0% used [0x00000000f3400000,0x00000000f3400000,0x00000000f3f80000)
 ParOldGen       total 35840K, used 13989K [0x00000000c4800000, 0x00000000c6b00000, 0x00000000ec300000)
  object space 35840K, 39% used [0x00000000c4800000,0x00000000c55a9508,0x00000000c6b00000)
 Metaspace       used 23852K, capacity 24336K, committed 24576K, reserved 1071104K
  class space    used 2812K, capacity 2949K, committed 3072K, reserved 1048576K
}
Event: 19,418 GC heap before
{Heap before GC invocations=10 (full 1):
 PSYoungGen      total 98816K, used 98797K [0x00000000ec300000, 0x00000000f4b00000, 0x0000000100000000)
  eden space 90112K, 100% used [0x00000000ec300000,0x00000000f1b00000,0x00000000f1b00000)
  from space 8704K, 99% used [0x00000000f4280000,0x00000000f4afb648,0x00000000f4b00000)
  to   space 11776K, 0% used [0x00000000f3400000,0x00000000f3400000,0x00000000f3f80000)
 ParOldGen       total 35840K, used 13989K [0x00000000c4800000, 0x00000000c6b00000, 0x00000000ec300000)
  object space 35840K, 39% used [0x00000000c4800000,0x00000000c55a9508,0x00000000c6b00000)
 Metaspace       used 27932K, capacity 28652K, committed 28928K, reserved 1075200K
  class space    used 3272K, capacity 3464K, committed 3584K, reserved 1048576K
Event: 19,469 GC heap after
Heap after GC invocations=10 (full 1):
 PSYoungGen      total 125952K, used 11761K [0x00000000ec300000, 0x00000000f4f80000, 0x0000000100000000)
  eden space 114176K, 0% used [0x00000000ec300000,0x00000000ec300000,0x00000000f3280000)
  from space 11776K, 99% used [0x00000000f3400000,0x00000000f3f7c728,0x00000000f3f80000)
  to   space 14848K, 0% used [0x00000000f4100000,0x00000000f4100000,0x00000000f4f80000)
 ParOldGen       total 35840K, used 17094K [0x00000000c4800000, 0x00000000c6b00000, 0x00000000ec300000)
  object space 35840K, 47% used [0x00000000c4800000,0x00000000c58b1b50,0x00000000c6b00000)
 Metaspace       used 27932K, capacity 28652K, committed 28928K, reserved 1075200K
  class space    used 3272K, capacity 3464K, committed 3584K, reserved 1048576K
}
Event: 23,230 GC heap before
{Heap before GC invocations=11 (full 1):
 PSYoungGen      total 125952K, used 125937K [0x00000000ec300000, 0x00000000f4f80000, 0x0000000100000000)
  eden space 114176K, 100% used [0x00000000ec300000,0x00000000f3280000,0x00000000f3280000)
  from space 11776K, 99% used [0x00000000f3400000,0x00000000f3f7c728,0x00000000f3f80000)
  to   space 14848K, 0% used [0x00000000f4100000,0x00000000f4100000,0x00000000f4f80000)
 ParOldGen       total 35840K, used 17094K [0x00000000c4800000, 0x00000000c6b00000, 0x00000000ec300000)
  object space 35840K, 47% used [0x00000000c4800000,0x00000000c58b1b50,0x00000000c6b00000)
 Metaspace       used 30077K, capacity 30988K, committed 31232K, reserved 1077248K
  class space    used 3510K, capacity 3751K, committed 3840K, reserved 1048576K

Deoptimization events (10 events):
Event: 23,084 Thread 0x00007f1a0800a000 Uncommon trap: reason=class_check action=maybe_recompile pc=0x00007f19fa2ae644 method=org.codehaus.plexus.interpolation.PrefixedValueSourceWrapper.clearFeedback()V @ 4
Event: 23,084 Thread 0x00007f1a0800a000 Uncommon trap: reason=class_check action=maybe_recompile pc=0x00007f19fa2ae644 method=org.codehaus.plexus.interpolation.PrefixedValueSourceWrapper.clearFeedback()V @ 4
Event: 23,084 Thread 0x00007f1a0800a000 Uncommon trap: reason=class_check action=maybe_recompile pc=0x00007f19f97f9f5c method=org.apache.maven.model.interpolation.AbstractStringBasedModelInterpolator.interpolateInternal(Ljava/lang/String;Ljava/util/List;Ljava/util/List;Lorg/apache/maven/model/b
Event: 23,084 Thread 0x00007f1a0800a000 Uncommon trap: reason=class_check action=maybe_recompile pc=0x00007f19f978b470 method=org.codehaus.plexus.interpolation.PrefixedValueSourceWrapper.getValue(Ljava/lang/String;)Ljava/lang/Object; @ 33
Event: 23,084 Thread 0x00007f1a0800a000 Uncommon trap: reason=class_check action=maybe_recompile pc=0x00007f19fa2ae644 method=org.codehaus.plexus.interpolation.PrefixedValueSourceWrapper.clearFeedback()V @ 4
Event: 23,084 Thread 0x00007f1a0800a000 Uncommon trap: reason=class_check action=maybe_recompile pc=0x00007f19fa2ae644 method=org.codehaus.plexus.interpolation.PrefixedValueSourceWrapper.clearFeedback()V @ 4
Event: 23,084 Thread 0x00007f1a0800a000 Uncommon trap: reason=class_check action=maybe_recompile pc=0x00007f19f97f9f5c method=org.apache.maven.model.interpolation.AbstractStringBasedModelInterpolator.interpolateInternal(Ljava/lang/String;Ljava/util/List;Ljava/util/List;Lorg/apache/maven/model/b
Event: 23,084 Thread 0x00007f1a0800a000 Uncommon trap: reason=class_check action=maybe_recompile pc=0x00007f19f978b470 method=org.codehaus.plexus.interpolation.PrefixedValueSourceWrapper.getValue(Ljava/lang/String;)Ljava/lang/Object; @ 33
Event: 23,084 Thread 0x00007f1a0800a000 Uncommon trap: reason=class_check action=maybe_recompile pc=0x00007f19f97f9f5c method=org.apache.maven.model.interpolation.AbstractStringBasedModelInterpolator.interpolateInternal(Ljava/lang/String;Ljava/util/List;Ljava/util/List;Lorg/apache/maven/model/b
Event: 23,084 Thread 0x00007f1a0800a000 Uncommon trap: reason=class_check action=maybe_recompile pc=0x00007f19f978b470 method=org.codehaus.plexus.interpolation.PrefixedValueSourceWrapper.getValue(Ljava/lang/String;)Ljava/lang/Object; @ 33

Internal exceptions (10 events):
Event: 5,182 Thread 0x00007f1a0800a000 Exception <a 'java/lang/NullPointerException'> (0x00000000ec816e30) thrown at [/HUDSON3/workspace/8-2-build-linux-amd64/jdk8u144/9417/hotspot/src/share/vm/interpreter/linkResolver.cpp, line 1197]
Event: 5,182 Thread 0x00007f1a0800a000 Exception <a 'java/lang/NullPointerException'> (0x00000000ec817048) thrown at [/HUDSON3/workspace/8-2-build-linux-amd64/jdk8u144/9417/hotspot/src/share/vm/interpreter/linkResolver.cpp, line 1197]
Event: 5,182 Thread 0x00007f1a0800a000 Exception <a 'java/lang/NullPointerException'> (0x00000000ec817260) thrown at [/HUDSON3/workspace/8-2-build-linux-amd64/jdk8u144/9417/hotspot/src/share/vm/interpreter/linkResolver.cpp, line 1197]
Event: 5,713 Thread 0x00007f1a0800a000 Implicit null exception at 0x00007f19f93610b5 to 0x00007f19f93612bd
Event: 5,713 Thread 0x00007f1a0800a000 Implicit null exception at 0x00007f19f92f352f to 0x00007f19f92f3599
Event: 6,921 Thread 0x00007f1a0800a000 Implicit null exception at 0x00007f19f975d7f7 to 0x00007f19f975daad
Event: 11,286 Thread 0x00007f1a0800a000 Exception <a 'java/io/FileNotFoundException'> (0x00000000ecd1fa00) thrown at [/HUDSON3/workspace/8-2-build-linux-amd64/jdk8u144/9417/hotspot/src/share/vm/prims/jni.cpp, line 709]
Event: 11,342 Thread 0x00007f1a0800a000 Exception <a 'java/io/FileNotFoundException'> (0x00000000ecd53730) thrown at [/HUDSON3/workspace/8-2-build-linux-amd64/jdk8u144/9417/hotspot/src/share/vm/prims/jni.cpp, line 709]
Event: 21,636 Thread 0x00007f1a0800a000 Implicit null exception at 0x00007f19f9f1db12 to 0x00007f19f9f1e199
Event: 21,897 Thread 0x00007f1a0800a000 Implicit null exception at 0x00007f19f92c6542 to 0x00007f19f92c67b1

Events (10 events):
Event: 23,166 loading class org/codehaus/plexus/components/io/attributes/PlexusIoResourceAttributeUtils done
Event: 23,167 loading class org/codehaus/plexus/util/cli/StreamConsumer
Event: 23,167 loading class org/codehaus/plexus/util/cli/StreamConsumer done
Event: 23,167 loading class org/codehaus/plexus/util/cli/StreamConsumer
Event: 23,167 loading class org/codehaus/plexus/util/cli/StreamConsumer done
Event: 23,168 loading class org/codehaus/plexus/util/SelectorUtils
Event: 23,168 loading class org/codehaus/plexus/util/SelectorUtils done
Event: 23,168 loading class org/codehaus/plexus/util/SelectorUtils
Event: 23,168 loading class org/codehaus/plexus/util/SelectorUtils done
Event: 23,230 Executing VM operation: ParallelGCFailedAllocation


Dynamic libraries:
00400000-00401000 r-xp 00000000 08:11 283161                             /usr/lib/jvm/java-8-oracle/bin/java
00600000-00601000 rw-p 00000000 08:11 283161                             /usr/lib/jvm/java-8-oracle/bin/java
00b0f000-00b30000 rw-p 00000000 00:00 0                                  [heap]
c4800000-c6b00000 rw-p 00000000 00:00 0 
c6b00000-ec300000 ---p 00000000 00:00 0 
ec300000-f4f80000 rw-p 00000000 00:00 0 
f7080000-100000000 ---p 00000000 00:00 0 
100000000-1003c0000 rw-p 00000000 00:00 0 
1003c0000-140000000 ---p 00000000 00:00 0 
7f19a4000000-7f19a4021000 rw-p 00000000 00:00 0 
7f19a4021000-7f19a8000000 ---p 00000000 00:00 0 
7f19ac000000-7f19ac021000 rw-p 00000000 00:00 0 
7f19ac021000-7f19b0000000 ---p 00000000 00:00 0 
7f19b0000000-7f19b0021000 rw-p 00000000 00:00 0 
7f19b0021000-7f19b4000000 ---p 00000000 00:00 0 
7f19b4000000-7f19b4021000 rw-p 00000000 00:00 0 
7f19b4021000-7f19b8000000 ---p 00000000 00:00 0 
7f19b8000000-7f19b8021000 rw-p 00000000 00:00 0 
7f19b8021000-7f19bc000000 ---p 00000000 00:00 0 
7f19bc000000-7f19bc021000 rw-p 00000000 00:00 0 
7f19bc021000-7f19c0000000 ---p 00000000 00:00 0 
7f19c0000000-7f19c0021000 rw-p 00000000 00:00 0 
7f19c0021000-7f19c4000000 ---p 00000000 00:00 0 
7f19c4000000-7f19c601f000 rw-p 00000000 00:00 0 
7f19c601f000-7f19c8000000 ---p 00000000 00:00 0 
7f19c8000000-7f19c91d0000 rw-p 00000000 00:00 0 
7f19c91d0000-7f19cc000000 ---p 00000000 00:00 0 
7f19cc000000-7f19cc021000 rw-p 00000000 00:00 0 
7f19cc021000-7f19d0000000 ---p 00000000 00:00 0 
7f19d0000000-7f19d1ca3000 rw-p 00000000 00:00 0 
7f19d1ca3000-7f19d4000000 ---p 00000000 00:00 0 
7f19d4000000-7f19d4021000 rw-p 00000000 00:00 0 
7f19d4021000-7f19d8000000 ---p 00000000 00:00 0 
7f19d8000000-7f19d8021000 rw-p 00000000 00:00 0 
7f19d8021000-7f19dc000000 ---p 00000000 00:00 0 
7f19dc000000-7f19dc021000 rw-p 00000000 00:00 0 
7f19dc021000-7f19e0000000 ---p 00000000 00:00 0 
7f19e0000000-7f19e0291000 rw-p 00000000 00:00 0 
7f19e0291000-7f19e4000000 ---p 00000000 00:00 0 
7f19e4000000-7f19e4021000 rw-p 00000000 00:00 0 
7f19e4021000-7f19e8000000 ---p 00000000 00:00 0 
7f19e8fff000-7f19ec000000 rw-p 00000000 00:00 0 
7f19ec000000-7f19ec021000 rw-p 00000000 00:00 0 
7f19ec021000-7f19f0000000 ---p 00000000 00:00 0 
7f19f056c000-7f19f056f000 ---p 00000000 00:00 0 
7f19f056f000-7f19f066d000 rw-p 00000000 00:00 0 
7f19f066d000-7f19f0670000 ---p 00000000 00:00 0 
7f19f0670000-7f19f076e000 rw-p 00000000 00:00 0 
7f19f076e000-7f19f0771000 ---p 00000000 00:00 0 
7f19f0771000-7f19f086f000 rw-p 00000000 00:00 0 
7f19f086f000-7f19f0872000 ---p 00000000 00:00 0 
7f19f0872000-7f19f0970000 rw-p 00000000 00:00 0 
7f19f0970000-7f19f0973000 ---p 00000000 00:00 0 
7f19f0973000-7f19f0b31000 rw-p 00000000 00:00 0 
7f19f0b31000-7f19f0c71000 ---p 00000000 00:00 0 
7f19f0c71000-7f19f0e71000 rw-p 00000000 00:00 0 
7f19f0e71000-7f19f1071000 rw-p 00000000 00:00 0 
7f19f1071000-7f19f1271000 rw-p 00000000 00:00 0 
7f19f12d0000-7f19f12f0000 r--s 0025b000 08:12 1049811                    /home/piotrek/.m2/repository/org/apache/tomcat/embed/tomcat-embed-core/7.0.57/tomcat-embed-core-7.0.57.jar
7f19f12f0000-7f19f12f1000 r--s 00005000 08:12 1050342                    /home/piotrek/.m2/repository/org/apache/maven/shared/maven-repository-builder/1.0-alpha-2/maven-repository-builder-1.0-alpha-2.jar
7f19f12f1000-7f19f12f5000 r--s 00037000 08:12 789787                     /home/piotrek/.m2/repository/org/codehaus/plexus/plexus-utils/3.0.15/plexus-utils-3.0.15.jar
7f19f12f5000-7f19f12f7000 r--s 00004000 08:12 918159                     /home/piotrek/.m2/repository/org/apache/maven/maven-archiver/2.5/maven-archiver-2.5.jar
7f19f12f7000-7f19f12fa000 r--s 0000c000 08:12 1050583                    /home/piotrek/.m2/repository/org/codehaus/plexus/plexus-io/2.0.9/plexus-io-2.0.9.jar
7f19f12fa000-7f19f12fd000 r--s 00023000 08:12 919208                     /home/piotrek/.m2/repository/org/apache/maven/shared/maven-shared-utils/0.3/maven-shared-utils-0.3.jar
7f19f12fd000-7f19f12ff000 r--s 00009000 08:12 1050581                    /home/piotrek/.m2/repository/org/apache/maven/shared/maven-filtering/1.2/maven-filtering-1.2.jar
7f19f12ff000-7f19f1301000 r--s 00008000 08:12 1050318                    /home/piotrek/.m2/repository/org/apache/maven/shared/maven-shared-io/1.1/maven-shared-io-1.1.jar
7f19f1301000-7f19f1303000 r--s 00006000 08:12 1050310                    /home/piotrek/.m2/repository/org/apache/maven/shared/file-management/1.1/file-management-1.1.jar
7f19f1303000-7f19f1307000 r--s 00014000 08:12 1049529                    /home/piotrek/.m2/repository/org/tukaani/xz/1.2/xz-1.2.jar
7f19f1307000-7f19f130c000 r--s 0003a000 08:12 919969                     /home/piotrek/.m2/repository/org/apache/commons/commons-compress/1.5/commons-compress-1.5.jar
7f19f130c000-7f19f1311000 r--s 00024000 08:12 1050579                    /home/piotrek/.m2/repository/org/codehaus/plexus/plexus-archiver/2.4.4/plexus-archiver-2.4.4.jar
7f19f1311000-7f19f1314000 r--s 0000d000 08:12 919972                     /home/piotrek/.m2/repository/org/codehaus/plexus/plexus-interpolation/1.19/plexus-interpolation-1.19.jar
7f19f1314000-7f19f1316000 r--s 00006000 08:12 1050577                    /home/piotrek/.m2/repository/org/apache/maven/shared/maven-common-artifact-filters/1.4/maven-common-artifact-filters-1.4.jar
7f19f1316000-7f19f131a000 r--s 00031000 08:12 1050375                    /home/piotrek/.m2/repository/org/apache/maven/plugins/maven-assembly-plugin/2.4.1/maven-assembly-plugin-2.4.1.jar
7f19f131a000-7f19f131b000 r--s 00002000 08:12 1049981                    /home/piotrek/.m2/repository/org/apache/maven/shared/maven-mapping/1.0/maven-mapping-1.0.jar
7f19f131b000-7f19f131d000 r--s 0000b000 08:12 920061                     /home/piotrek/.m2/repository/org/apache/maven/shared/maven-filtering/1.3/maven-filtering-1.3.jar
7f19f131d000-7f19f1321000 r--s 00038000 08:12 1050003                    /home/piotrek/.m2/repository/org/codehaus/plexus/plexus-utils/3.0.20/plexus-utils-3.0.20.jar
7f19f1321000-7f19f1323000 r--s 00005000 08:12 1049671                    /home/piotrek/.m2/repository/xpp3/xpp3_min/1.1.4c/xpp3_min-1.1.4c.jar
7f19f1323000-7f19f1324000 r--s 00001000 08:12 1050001                    /home/piotrek/.m2/repository/xmlpull/xmlpull/1.1.3.1/xmlpull-1.1.3.1.jar
7f19f1324000-7f19f1331000 r--s 0006a000 08:12 1049999                    /home/piotrek/.m2/repository/com/thoughtworks/xstream/xstream/1.4.4/xstream-1.4.4.jar
7f19f1331000-7f19f1334000 r--s 0000d000 08:12 1049997                    /home/piotrek/.m2/repository/org/codehaus/plexus/plexus-interpolation/1.21/plexus-interpolation-1.21.jar
7f19f1334000-7f19f133b000 r--s 00056000 08:12 1049996                    /home/piotrek/.m2/repository/org/apache/commons/commons-compress/1.9/commons-compress-1.9.jar
7f19f133b000-7f19f133f000 r--s 00020000 08:12 1049992                    /home/piotrek/.m2/repository/org/codehaus/plexus/plexus-archiver/2.9/plexus-archiver-2.9.jar
7f19f133f000-7f19f1343000 r--s 00027000 08:12 917750                     /home/piotrek/.m2/repository/commons-io/commons-io/2.2/commons-io-2.2.jar
7f19f1343000-7f19f1347000 r--s 00011000 08:12 1049990                    /home/piotrek/.m2/repository/org/codehaus/plexus/plexus-io/2.4.1/plexus-io-2.4.1.jar
7f19f1347000-7f19f1349000 r--s 00006000 08:12 917783                     /home/piotrek/.m2/repository/com/google/code/findbugs/jsr305/2.0.1/jsr305-2.0.1.jar
7f19f1349000-7f19f134d000 r--s 00026000 08:12 1049988                    /home/piotrek/.m2/repository/org/apache/maven/shared/maven-shared-utils/0.7/maven-shared-utils-0.7.jar
7f19f134d000-7f19f134e000 r--s 00005000 08:12 1049987                    /home/piotrek/.m2/repository/org/apache/maven/maven-archiver/2.6/maven-archiver-2.6.jar
7f19f134e000-7f19f1350000 r--s 00002000 08:12 789666                     /home/piotrek/.m2/repository/org/sonatype/plexus/plexus-cipher/1.4/plexus-cipher-1.4.jar
7f19f1350000-7f19f1351000 r--s 00006000 08:12 789665                     /home/piotrek/.m2/repository/org/sonatype/plexus/plexus-sec-dispatcher/1.3/plexus-sec-dispatcher-1.3.jar
7f19f1351000-7f19f1353000 r--s 00009000 08:12 1049986                    /home/piotrek/.m2/repository/commons-cli/commons-cli/1.2/commons-cli-1.2.jar
7f19f1353000-7f19f1355000 r--s 00002000 08:12 1049980                    /home/piotrek/.m2/repository/org/apache/maven/doxia/doxia-sink-api/1.1/doxia-sink-api-1.1.jar
7f19f1355000-7f19f135d000 r--s 00049000 08:12 920046                     /home/piotrek/.m2/repository/backport-util-concurrent/backport-util-concurrent/3.1/backport-util-concurrent-3.1.jar
7f19f135d000-7f19f155d000 rw-p 00000000 00:00 0 
7f19f155d000-7f19f175d000 rw-p 00000000 00:00 0 
7f19f175d000-7f19f17d7000 r--s 010f7000 08:11 282383                     /usr/lib/jvm/java-8-oracle/lib/tools.jar
7f19f17d7000-7f19f19d7000 rw-p 00000000 00:00 0 
7f19f19d7000-7f19f19e8000 r-xp 00000000 08:11 408531                     /usr/lib/jvm/java-8-oracle/jre/lib/amd64/libnio.so
7f19f19e8000-7f19f1be7000 ---p 00011000 08:11 408531                     /usr/lib/jvm/java-8-oracle/jre/lib/amd64/libnio.so
7f19f1be7000-7f19f1be8000 rw-p 00010000 08:11 408531                     /usr/lib/jvm/java-8-oracle/jre/lib/amd64/libnio.so
7f19f1be8000-7f19f1bfe000 r-xp 00000000 08:11 408506                     /usr/lib/jvm/java-8-oracle/jre/lib/amd64/libnet.so
7f19f1bfe000-7f19f1dfe000 ---p 00016000 08:11 408506                     /usr/lib/jvm/java-8-oracle/jre/lib/amd64/libnet.so
7f19f1dfe000-7f19f1dff000 rw-p 00016000 08:11 408506                     /usr/lib/jvm/java-8-oracle/jre/lib/amd64/libnet.so
7f19f1dff000-7f19f1fff000 rw-p 00000000 00:00 0 
7f19f1fff000-7f19f21ff000 rw-p 00000000 00:00 0 
7f19f21ff000-7f19f23ff000 rw-p 00000000 00:00 0 
7f19f23ff000-7f19f2400000 ---p 00000000 00:00 0 
7f19f2400000-7f19f2500000 rw-p 00000000 00:00 0 
7f19f2500000-7f19f2503000 ---p 00000000 00:00 0 
7f19f2503000-7f19f2601000 rw-p 00000000 00:00 0 
7f19f2601000-7f19f2604000 ---p 00000000 00:00 0 
7f19f2604000-7f19f2702000 rw-p 00000000 00:00 0 
7f19f2702000-7f19f2705000 ---p 00000000 00:00 0 
7f19f2705000-7f19f2803000 rw-p 00000000 00:00 0 
7f19f2803000-7f19f2806000 ---p 00000000 00:00 0 
7f19f2806000-7f19f2904000 rw-p 00000000 00:00 0 
7f19f2904000-7f19f2907000 ---p 00000000 00:00 0 
7f19f2907000-7f19f2a05000 rw-p 00000000 00:00 0 
7f19f2a05000-7f19f34f5000 r--p 00000000 08:11 9163                       /usr/lib/locale/locale-archive
7f19f34f5000-7f19f34f8000 ---p 00000000 00:00 0 
7f19f34f8000-7f19f35f6000 rw-p 00000000 00:00 0 
7f19f35f6000-7f19f35f9000 ---p 00000000 00:00 0 
7f19f35f9000-7f19f36f7000 rw-p 00000000 00:00 0 
7f19f36f7000-7f19f36f8000 ---p 00000000 00:00 0 
7f19f36f8000-7f19f4000000 rw-p 00000000 00:00 0 
7f19f4000000-7f19f4021000 rw-p 00000000 00:00 0 
7f19f4021000-7f19f8000000 ---p 00000000 00:00 0 
7f19f8000000-7f19f8001000 r--s 00002000 08:12 1049982                    /home/piotrek/.m2/repository/org/apache/maven/doxia/doxia-logging-api/1.1/doxia-logging-api-1.1.jar
7f19f8001000-7f19f8002000 r--s 00002000 08:12 1049978                    /home/piotrek/.m2/repository/org/apache/maven/reporting/maven-reporting-api/2.2.1/maven-reporting-api-2.2.1.jar
7f19f8002000-7f19f8004000 r--s 00003000 08:12 920059                     /home/piotrek/.m2/repository/org/slf4j/jcl-over-slf4j/1.5.6/jcl-over-slf4j-1.5.6.jar
7f19f8004000-7f19f8006000 r--s 00001000 08:12 920053                     /home/piotrek/.m2/repository/org/slf4j/slf4j-jdk14/1.5.6/slf4j-jdk14-1.5.6.jar
7f19f8006000-7f19f8008000 r--s 00014000 08:12 789831                     /home/piotrek/.m2/repository/org/apache/maven/plugins/maven-war-plugin/2.6/maven-war-plugin-2.6.jar
7f19f8008000-7f19f8009000 r--s 00003000 08:12 1050453                    /home/piotrek/.m2/repository/org/apache/maven/plugin-tools/maven-plugin-annotations/3.2/maven-plugin-annotations-3.2.jar
7f19f8009000-7f19f800d000 r--s 00020000 08:12 1050451                    /home/piotrek/.m2/repository/org/apache/maven/surefire/surefire-api/2.17/surefire-api-2.17.jar
7f19f800d000-7f19f8013000 r--s 00048000 08:12 918595                     /home/piotrek/.m2/repository/org/apache/commons/commons-lang3/3.1/commons-lang3-3.1.jar
7f19f8013000-7f19f8014000 r--s 00002000 08:12 918603                     /home/piotrek/.m2/repository/org/apache/maven/reporting/maven-reporting-api/2.0.9/maven-reporting-api-2.0.9.jar
7f19f8014000-7f19f8018000 r--s 00030000 08:12 918467                     /home/piotrek/.m2/repository/org/codehaus/plexus/plexus-utils/1.5.1/plexus-utils-1.5.1.jar
7f19f8018000-7f19f801a000 r--s 00008000 08:12 1050449                    /home/piotrek/.m2/repository/org/apache/maven/surefire/surefire-booter/2.17/surefire-booter-2.17.jar
7f19f801a000-7f19f801f000 r--s 0003c000 08:12 1050447                    /home/piotrek/.m2/repository/org/apache/maven/surefire/maven-surefire-common/2.17/maven-surefire-common-2.17.jar
7f19f801f000-7f19f8021000 r--s 00007000 08:12 920100                     /home/piotrek/.m2/repository/org/apache/maven/plugins/maven-surefire-plugin/2.17/maven-surefire-plugin-2.17.jar
7f19f8021000-7f19f8023000 r--s 00002000 08:12 1049865                    /home/piotrek/.m2/repository/org/codehaus/plexus/plexus-compiler-javac/1.8.1/plexus-compiler-javac-1.8.1.jar
7f19f8023000-7f19f8025000 r--s 00000000 08:12 1049863                    /home/piotrek/.m2/repository/org/codehaus/plexus/plexus-compiler-manager/1.8.1/plexus-compiler-manager-1.8.1.jar
7f19f8025000-7f19f8026000 r--s 00004000 08:12 1049861                    /home/piotrek/.m2/repository/org/codehaus/plexus/plexus-compiler-api/1.8.1/plexus-compiler-api-1.8.1.jar
7f19f8026000-7f19f8028000 r--s 00006000 08:12 920026                     /home/piotrek/.m2/repository/org/apache/maven/plugins/maven-compiler-plugin/2.3.2/maven-compiler-plugin-2.3.2.jar
7f19f8028000-7f19f802a000 r--s 0000d000 08:12 918117                     /home/piotrek/.m2/repository/org/codehaus/plexus/plexus-interpolation/1.13/plexus-interpolation-1.13.jar
7f19f802a000-7f19f802b000 r--s 00001000 08:12 918116                     /home/piotrek/.m2/repository/org/sonatype/plexus/plexus-build-api/0.0.4/plexus-build-api-0.0.4.jar
7f19f802b000-7f19f802d000 r--s 00009000 08:12 918115                     /home/piotrek/.m2/repository/org/apache/maven/shared/maven-filtering/1.1/maven-filtering-1.1.jar
7f19f802d000-7f19f8031000 r--s 00033000 08:12 918113                     /home/piotrek/.m2/repository/org/codehaus/plexus/plexus-utils/2.0.5/plexus-utils-2.0.5.jar
7f19f8031000-7f19f8034000 r--s 0001b000 08:12 917830                     /home/piotrek/.m2/repository/junit/junit/3.8.1/junit-3.8.1.jar
7f19f8034000-7f19f8036000 r--s 00002000 08:12 918098                     /home/piotrek/.m2/repository/org/codehaus/plexus/plexus-interactivity-api/1.0-alpha-4/plexus-interactivity-api-1.0-alpha-4.jar
7f19f8036000-7f19f8038000 r--s 00006000 08:12 918095                     /home/piotrek/.m2/repository/commons-cli/commons-cli/1.0/commons-cli-1.0.jar
7f19f8038000-7f19f8039000 r--s 00001000 08:12 918088                     /home/piotrek/.m2/repository/org/apache/maven/doxia/doxia-sink-api/1.0-alpha-7/doxia-sink-api-1.0-alpha-7.jar
7f19f8039000-7f19f803a000 r--s 00002000 08:12 918085                     /home/piotrek/.m2/repository/org/apache/maven/reporting/maven-reporting-api/2.0.6/maven-reporting-api-2.0.6.jar
7f19f803a000-7f19f803c000 r--s 00006000 08:12 917906                     /home/piotrek/.m2/repository/org/apache/maven/plugins/maven-resources-plugin/2.6/maven-resources-plugin-2.6.jar
7f19f803c000-7f19f8040000 r--s 00034000 08:12 789681                     /home/piotrek/.m2/repository/org/codehaus/plexus/plexus-utils/3.0/plexus-utils-3.0.jar
7f19f8040000-7f19f8042000 r--s 00005000 08:12 917861                     /home/piotrek/.m2/repository/org/apache/maven/plugins/maven-clean-plugin/2.5/maven-clean-plugin-2.5.jar
7f19f8042000-7f19f8047000 r--s 0009a000 08:11 283189                     /usr/lib/jvm/java-8-oracle/jre/lib/jsse.jar
7f19f8047000-7f19f8049000 r--s 0000d000 08:11 412894                     /usr/share/java/maven3-aether-provider-3.3.9.jar
7f19f8049000-7f19f804b000 r--s 00006000 08:11 412742                     /usr/share/java/eclipse-aether-spi.jar
7f19f804b000-7f19f804e000 r--s 0000a000 08:11 412897                     /usr/share/java/maven3-artifact-3.3.9.jar
7f19f804e000-7f19f8050000 r--s 00007000 08:11 412664                     /usr/share/java/slf4j-api.jar
7f19f8050000-7f19f8052000 r--s 00013000 08:11 412892                     /usr/share/java/maven3-embedder-3.3.9.jar
7f19f8052000-7f19f8060000 r--s 00095000 08:11 412761                     /usr/share/java/guice.jar
7f19f8060000-7f19f8065000 r--s 00040000 08:11 412596                     /usr/share/java/commons-lang-2.6.jar
7f19f8065000-7f19f806a000 r--s 0001d000 08:11 412744                     /usr/share/java/eclipse-aether-api.jar
7f19f806a000-7f19f806d000 r--s 00007000 08:11 412895                     /usr/share/java/maven3-settings-builder-3.3.9.jar
7f19f806d000-7f19f8071000 r--s 00020000 08:11 412745                     /usr/share/java/eclipse-aether-util.jar
7f19f8071000-7f19f8072000 r--s 00000000 08:11 412556                     /usr/share/java/geronimo-interceptor-3.0-spec-1.0.1.jar
7f19f8072000-7f19f8074000 r--s 00012000 08:11 412559                     /usr/share/java/el-api-3.0.jar
7f19f8074000-7f19f8077000 r--s 00008000 08:11 412562                     /usr/share/java/cdi-api-1.0.jar
7f19f8077000-7f19f8079000 r--s 00002000 08:11 412807                     /usr/share/java/plexus-cipher.jar
7f19f8079000-7f19f807b000 r--s 0000a000 08:11 412870                     /usr/share/java/wagon-provider-api-2.x.jar
7f19f807b000-7f19f807d000 r--s 00000000 08:11 412857                     /usr/share/java/plexus-component-annotations-1.5.jar
7f19f807d000-7f19f8083000 r--s 00048000 08:11 412680                     /usr/share/java/jsoup.jar
7f19f8083000-7f19f80af000 r--s 00208000 08:11 412684                     /usr/share/java/guava.jar
7f19f80af000-7f19f80bc000 r--s 0008d000 08:11 412889                     /usr/share/java/maven3-core-3.3.9.jar
7f19f80bc000-7f19f80be000 r--s 0000e000 08:11 412643                     /usr/share/java/plexus-interpolation.jar
7f19f80be000-7f19f80c0000 r--s 00001000 08:11 412756                     /usr/share/java/aopalliance-1.0.jar
7f19f80c0000-7f19f80c8000 r--s 00054000 08:11 412865                     /usr/share/java/sisu-inject.jar
7f19f80c8000-7f19f80f9000 r--s 00207000 08:11 412873                     /usr/share/java/wagon-http-shaded-2.x.jar
7f19f80f9000-7f19f9000000 rw-p 00000000 00:00 0 
7f19f9000000-7f19fa340000 rwxp 00000000 00:00 0 
7f19fa340000-7f1a08000000 ---p 00000000 00:00 0 
7f1a08000000-7f1a090b7000 rw-p 00000000 00:00 0 
7f1a090b7000-7f1a0c000000 ---p 00000000 00:00 0 
7f1a0c000000-7f1a0c001000 r--s 00000000 08:11 412548                     /usr/share/java/atinject-jsr330-api-1.0.jar
7f1a0c001000-7f1a0c002000 r--s 00002000 08:11 412661                     /usr/share/java/slf4j-simple.jar
7f1a0c002000-7f1a0c004000 r--s 0000a000 08:11 412582                     /usr/share/java/commons-cli-1.3.1.jar
7f1a0c004000-7f1a0c005000 r--s 00006000 08:11 412809                     /usr/share/java/plexus-sec-dispatcher.jar
7f1a0c005000-7f1a0c006000 r--s 00004000 08:11 412547                     /usr/share/java/atinject-jsr330-tck-1.0.jar
7f1a0c006000-7f1a0c00d000 r--s 0005d000 08:11 412598                     /usr/share/java/commons-lang3.jar
7f1a0c00d000-7f1a0c011000 r--s 00027000 08:11 412737                     /usr/share/java/eclipse-aether-impl.jar
7f1a0c011000-7f1a0c018000 r--s 00041000 08:11 412888                     /usr/share/java/maven3-compat-3.3.9.jar
7f1a0c018000-7f1a0c01d000 r--s 00025000 08:11 412891                     /usr/share/java/maven3-model-builder-3.3.9.jar
7f1a0c01d000-7f1a0c021000 r--s 00027000 08:11 412594                     /usr/share/java/commons-io-2.4.jar
7f1a0c021000-7f1a0c025000 r--s 00038000 08:11 412853                     /usr/share/java/plexus-utils2.jar
7f1a0c025000-7f1a0c0d7000 rw-p 00000000 00:00 0 
7f1a0c0d7000-7f1a0c2b1000 r--s 03d4d000 08:11 283226                     /usr/lib/jvm/java-8-oracle/jre/lib/rt.jar
7f1a0c2b1000-7f1a0e2c3000 rw-p 00000000 00:00 0 
7f1a0e2c3000-7f1a0e2c4000 ---p 00000000 00:00 0 
7f1a0e2c4000-7f1a0e3c4000 rw-p 00000000 00:00 0 
7f1a0e3c4000-7f1a0e3c5000 ---p 00000000 00:00 0 
7f1a0e3c5000-7f1a0e4c5000 rw-p 00000000 00:00 0 
7f1a0e4c5000-7f1a0e4c6000 ---p 00000000 00:00 0 
7f1a0e4c6000-7f1a0e5c6000 rw-p 00000000 00:00 0 
7f1a0e5c6000-7f1a0e5c7000 ---p 00000000 00:00 0 
7f1a0e5c7000-7f1a0e6d9000 rw-p 00000000 00:00 0 
7f1a0e6d9000-7f1a0e805000 ---p 00000000 00:00 0 
7f1a0e805000-7f1a0e817000 rw-p 00000000 00:00 0 
7f1a0e817000-7f1a0e942000 ---p 00000000 00:00 0 
7f1a0e942000-7f1a0e989000 rw-p 00000000 00:00 0 
7f1a0e989000-7f1a0e9e1000 ---p 00000000 00:00 0 
7f1a0e9e1000-7f1a0ea2f000 rw-p 00000000 00:00 0 
7f1a0ea2f000-7f1a0eda2000 ---p 00000000 00:00 0 
7f1a0eda2000-7f1a0edbc000 r-xp 00000000 08:11 408529                     /usr/lib/jvm/java-8-oracle/jre/lib/amd64/libzip.so
7f1a0edbc000-7f1a0efbc000 ---p 0001a000 08:11 408529                     /usr/lib/jvm/java-8-oracle/jre/lib/amd64/libzip.so
7f1a0efbc000-7f1a0efbd000 rw-p 0001a000 08:11 408529                     /usr/lib/jvm/java-8-oracle/jre/lib/amd64/libzip.so
7f1a0efbd000-7f1a0efc8000 r-xp 00000000 08:11 662497                     /lib/x86_64-linux-gnu/libnss_files-2.23.so
7f1a0efc8000-7f1a0f1c7000 ---p 0000b000 08:11 662497                     /lib/x86_64-linux-gnu/libnss_files-2.23.so
7f1a0f1c7000-7f1a0f1c8000 r--p 0000a000 08:11 662497                     /lib/x86_64-linux-gnu/libnss_files-2.23.so
7f1a0f1c8000-7f1a0f1c9000 rw-p 0000b000 08:11 662497                     /lib/x86_64-linux-gnu/libnss_files-2.23.so
7f1a0f1c9000-7f1a0f1cf000 rw-p 00000000 00:00 0 
7f1a0f1cf000-7f1a0f1da000 r-xp 00000000 08:11 662507                     /lib/x86_64-linux-gnu/libnss_nis-2.23.so
7f1a0f1da000-7f1a0f3d9000 ---p 0000b000 08:11 662507                     /lib/x86_64-linux-gnu/libnss_nis-2.23.so
7f1a0f3d9000-7f1a0f3da000 r--p 0000a000 08:11 662507                     /lib/x86_64-linux-gnu/libnss_nis-2.23.so
7f1a0f3da000-7f1a0f3db000 rw-p 0000b000 08:11 662507                     /lib/x86_64-linux-gnu/libnss_nis-2.23.so
7f1a0f3db000-7f1a0f3f1000 r-xp 00000000 08:11 662491                     /lib/x86_64-linux-gnu/libnsl-2.23.so
7f1a0f3f1000-7f1a0f5f0000 ---p 00016000 08:11 662491                     /lib/x86_64-linux-gnu/libnsl-2.23.so
7f1a0f5f0000-7f1a0f5f1000 r--p 00015000 08:11 662491                     /lib/x86_64-linux-gnu/libnsl-2.23.so
7f1a0f5f1000-7f1a0f5f2000 rw-p 00016000 08:11 662491                     /lib/x86_64-linux-gnu/libnsl-2.23.so
7f1a0f5f2000-7f1a0f5f4000 rw-p 00000000 00:00 0 
7f1a0f5f4000-7f1a0f5fc000 r-xp 00000000 08:11 662493                     /lib/x86_64-linux-gnu/libnss_compat-2.23.so
7f1a0f5fc000-7f1a0f7fb000 ---p 00008000 08:11 662493                     /lib/x86_64-linux-gnu/libnss_compat-2.23.so
7f1a0f7fb000-7f1a0f7fc000 r--p 00007000 08:11 662493                     /lib/x86_64-linux-gnu/libnss_compat-2.23.so
7f1a0f7fc000-7f1a0f7fd000 rw-p 00008000 08:11 662493                     /lib/x86_64-linux-gnu/libnss_compat-2.23.so
7f1a0f7fd000-7f1a0f828000 r-xp 00000000 08:11 408556                     /usr/lib/jvm/java-8-oracle/jre/lib/amd64/libjava.so
7f1a0f828000-7f1a0fa27000 ---p 0002b000 08:11 408556                     /usr/lib/jvm/java-8-oracle/jre/lib/amd64/libjava.so
7f1a0fa27000-7f1a0fa29000 rw-p 0002a000 08:11 408556                     /usr/lib/jvm/java-8-oracle/jre/lib/amd64/libjava.so
7f1a0fa29000-7f1a0fa36000 r-xp 00000000 08:11 408507                     /usr/lib/jvm/java-8-oracle/jre/lib/amd64/libverify.so
7f1a0fa36000-7f1a0fc36000 ---p 0000d000 08:11 408507                     /usr/lib/jvm/java-8-oracle/jre/lib/amd64/libverify.so
7f1a0fc36000-7f1a0fc38000 rw-p 0000d000 08:11 408507                     /usr/lib/jvm/java-8-oracle/jre/lib/amd64/libverify.so
7f1a0fc38000-7f1a0fc3f000 r-xp 00000000 08:11 662552                     /lib/x86_64-linux-gnu/librt-2.23.so
7f1a0fc3f000-7f1a0fe3e000 ---p 00007000 08:11 662552                     /lib/x86_64-linux-gnu/librt-2.23.so
7f1a0fe3e000-7f1a0fe3f000 r--p 00006000 08:11 662552                     /lib/x86_64-linux-gnu/librt-2.23.so
7f1a0fe3f000-7f1a0fe40000 rw-p 00007000 08:11 662552                     /lib/x86_64-linux-gnu/librt-2.23.so
7f1a0fe40000-7f1a0ff48000 r-xp 00000000 08:11 662468                     /lib/x86_64-linux-gnu/libm-2.23.so
7f1a0ff48000-7f1a10147000 ---p 00108000 08:11 662468                     /lib/x86_64-linux-gnu/libm-2.23.so
7f1a10147000-7f1a10148000 r--p 00107000 08:11 662468                     /lib/x86_64-linux-gnu/libm-2.23.so
7f1a10148000-7f1a10149000 rw-p 00108000 08:11 662468                     /lib/x86_64-linux-gnu/libm-2.23.so
7f1a10149000-7f1a10e1c000 r-xp 00000000 08:11 408560                     /usr/lib/jvm/java-8-oracle/jre/lib/amd64/server/libjvm.so
7f1a10e1c000-7f1a1101b000 ---p 00cd3000 08:11 408560                     /usr/lib/jvm/java-8-oracle/jre/lib/amd64/server/libjvm.so
7f1a1101b000-7f1a110f5000 rw-p 00cd2000 08:11 408560                     /usr/lib/jvm/java-8-oracle/jre/lib/amd64/server/libjvm.so
7f1a110f5000-7f1a11140000 rw-p 00000000 00:00 0 
7f1a11140000-7f1a11300000 r-xp 00000000 08:11 662398                     /lib/x86_64-linux-gnu/libc-2.23.so
7f1a11300000-7f1a11500000 ---p 001c0000 08:11 662398                     /lib/x86_64-linux-gnu/libc-2.23.so
7f1a11500000-7f1a11504000 r--p 001c0000 08:11 662398                     /lib/x86_64-linux-gnu/libc-2.23.so
7f1a11504000-7f1a11506000 rw-p 001c4000 08:11 662398                     /lib/x86_64-linux-gnu/libc-2.23.so
7f1a11506000-7f1a1150a000 rw-p 00000000 00:00 0 
7f1a1150a000-7f1a1150d000 r-xp 00000000 08:11 662422                     /lib/x86_64-linux-gnu/libdl-2.23.so
7f1a1150d000-7f1a1170c000 ---p 00003000 08:11 662422                     /lib/x86_64-linux-gnu/libdl-2.23.so
7f1a1170c000-7f1a1170d000 r--p 00002000 08:11 662422                     /lib/x86_64-linux-gnu/libdl-2.23.so
7f1a1170d000-7f1a1170e000 rw-p 00003000 08:11 662422                     /lib/x86_64-linux-gnu/libdl-2.23.so
7f1a1170e000-7f1a11723000 r-xp 00000000 08:11 282380                     /usr/lib/jvm/java-8-oracle/lib/amd64/jli/libjli.so
7f1a11723000-7f1a11923000 ---p 00015000 08:11 282380                     /usr/lib/jvm/java-8-oracle/lib/amd64/jli/libjli.so
7f1a11923000-7f1a11924000 rw-p 00015000 08:11 282380                     /usr/lib/jvm/java-8-oracle/lib/amd64/jli/libjli.so
7f1a11924000-7f1a1193c000 r-xp 00000000 08:11 662544                     /lib/x86_64-linux-gnu/libpthread-2.23.so
7f1a1193c000-7f1a11b3b000 ---p 00018000 08:11 662544                     /lib/x86_64-linux-gnu/libpthread-2.23.so
7f1a11b3b000-7f1a11b3c000 r--p 00017000 08:11 662544                     /lib/x86_64-linux-gnu/libpthread-2.23.so
7f1a11b3c000-7f1a11b3d000 rw-p 00018000 08:11 662544                     /lib/x86_64-linux-gnu/libpthread-2.23.so
7f1a11b3d000-7f1a11b41000 rw-p 00000000 00:00 0 
7f1a11b41000-7f1a11b67000 r-xp 00000000 08:11 662370                     /lib/x86_64-linux-gnu/ld-2.23.so
7f1a11b67000-7f1a11b6e000 r--s 0002c000 08:11 412867                     /usr/share/java/sisu-plexus.jar
7f1a11b6e000-7f1a11c46000 rw-p 00000000 00:00 0 
7f1a11c46000-7f1a11c49000 ---p 00000000 00:00 0 
7f1a11c49000-7f1a11d4b000 rw-p 00000000 00:00 0 
7f1a11d4b000-7f1a11d4d000 r--s 00001000 08:11 412896                     /usr/share/java/maven3-builder-support-3.3.9.jar
7f1a11d4d000-7f1a11d4f000 r--s 00005000 08:11 412743                     /usr/share/java/eclipse-aether-transport-wagon.jar
7f1a11d4f000-7f1a11d50000 r--s 00006000 08:11 412890                     /usr/share/java/maven3-repository-metadata-3.3.9.jar
7f1a11d50000-7f1a11d51000 r--s 00008000 08:11 412740                     /usr/share/java/eclipse-aether-connector-basic.jar
7f1a11d51000-7f1a11d52000 r--s 0000a000 08:11 412886                     /usr/share/java/maven3-settings-3.3.9.jar
7f1a11d52000-7f1a11d53000 r--s 00001000 08:11 412876                     /usr/share/java/wagon-http-shared-2.x.jar
7f1a11d53000-7f1a11d55000 r--s 00027000 08:11 412893                     /usr/share/java/maven3-model-3.3.9.jar
7f1a11d55000-7f1a11d56000 r--s 00001000 08:11 412869                     /usr/share/java/wagon-file-2.x.jar
7f1a11d56000-7f1a11d58000 r--s 0000a000 08:11 412887                     /usr/share/java/maven3-plugin-api-3.3.9.jar
7f1a11d58000-7f1a11d5a000 r--s 0000a000 08:11 412851                     /usr/share/java/plexus-classworlds2-2.5.2.jar
7f1a11d5a000-7f1a11d62000 rw-s 00000000 08:11 1061504                    /tmp/hsperfdata_piotrek/5495
7f1a11d62000-7f1a11d63000 rw-p 00000000 00:00 0 
7f1a11d63000-7f1a11d64000 ---p 00000000 00:00 0 
7f1a11d64000-7f1a11d66000 rw-p 00000000 00:00 0 
7f1a11d66000-7f1a11d67000 r--p 00025000 08:11 662370                     /lib/x86_64-linux-gnu/ld-2.23.so
7f1a11d67000-7f1a11d68000 rw-p 00026000 08:11 662370                     /lib/x86_64-linux-gnu/ld-2.23.so
7f1a11d68000-7f1a11d69000 rw-p 00000000 00:00 0 
7ffd8847e000-7ffd884a0000 rw-p 00000000 00:00 0                          [stack]
7ffd88527000-7ffd88529000 r--p 00000000 00:00 0                          [vvar]
7ffd88529000-7ffd8852b000 r-xp 00000000 00:00 0                          [vdso]
ffffffffff600000-ffffffffff601000 r-xp 00000000 00:00 0                  [vsyscall]

VM Arguments:
jvm_args: -Dclassworlds.conf=/usr/share/maven/bin/m2.conf -Dmaven.home=/usr/share/maven -Dmaven.multiModuleProjectDirectory=/home/piotrek/IdeaProjects/jjdd2-gity-z-githuba 
java_command: org.codehaus.plexus.classworlds.launcher.Launcher clean package
java_class_path (initial): /usr/share/maven/boot/plexus-classworlds-2.x.jar
Launcher Type: SUN_STANDARD

Environment Variables:
JAVA_HOME=/usr/lib/jvm/java-8-oracle
PATH=/home/piotrek/bin:/home/piotrek/.local/bin:/usr/local/sbin:/usr/local/bin:/usr/sbin:/usr/bin:/sbin:/bin:/usr/games:/usr/local/games:/snap/bin:/usr/lib/jvm/java-8-oracle/bin:/usr/lib/jvm/java-8-oracle/db/bin:/usr/lib/jvm/java-8-oracle/jre/bin
SHELL=/bin/bash
DISPLAY=:0

Signal Handlers:
SIGSEGV: [libjvm.so+0xacba10], sa_mask[0]=11111111011111111101111111111110, sa_flags=SA_RESTART|SA_SIGINFO
SIGBUS: [libjvm.so+0xacba10], sa_mask[0]=11111111011111111101111111111110, sa_flags=SA_RESTART|SA_SIGINFO
SIGFPE: [libjvm.so+0x924ba0], sa_mask[0]=11111111011111111101111111111110, sa_flags=SA_RESTART|SA_SIGINFO
SIGPIPE: [libjvm.so+0x924ba0], sa_mask[0]=11111111011111111101111111111110, sa_flags=SA_RESTART|SA_SIGINFO
SIGXFSZ: [libjvm.so+0x924ba0], sa_mask[0]=11111111011111111101111111111110, sa_flags=SA_RESTART|SA_SIGINFO
SIGILL: [libjvm.so+0x924ba0], sa_mask[0]=11111111011111111101111111111110, sa_flags=SA_RESTART|SA_SIGINFO
SIGUSR1: SIG_DFL, sa_mask[0]=00000000000000000000000000000000, sa_flags=none
SIGUSR2: [libjvm.so+0x9263e0], sa_mask[0]=00000000000000000000000000000000, sa_flags=SA_RESTART|SA_SIGINFO
SIGHUP: [libjvm.so+0x9277e0], sa_mask[0]=11111111011111111101111111111110, sa_flags=SA_RESTART|SA_SIGINFO
SIGINT: [libjvm.so+0x9277e0], sa_mask[0]=11111111011111111101111111111110, sa_flags=SA_RESTART|SA_SIGINFO
SIGTERM: [libjvm.so+0x9277e0], sa_mask[0]=11111111011111111101111111111110, sa_flags=SA_RESTART|SA_SIGINFO
SIGQUIT: [libjvm.so+0x9277e0], sa_mask[0]=11111111011111111101111111111110, sa_flags=SA_RESTART|SA_SIGINFO


---------------  S Y S T E M  ---------------

OS:DISTRIB_ID=Ubuntu
DISTRIB_RELEASE=16.04
DISTRIB_CODENAME=xenial
DISTRIB_DESCRIPTION="Ubuntu 16.04.3 LTS"

uname:Linux 4.10.0-35-generic #39~16.04.1-Ubuntu SMP Wed Sep 13 09:02:42 UTC 2017 x86_64
libc:glibc 2.23 NPTL 2.23 
rlimit: STACK 8192k, CORE 0k, NPROC 15042, NOFILE 1048576, AS infinity
load average:2,27 1,15 0,78

/proc/meminfo:
MemTotal:        3895380 kB
MemFree:          104244 kB
MemAvailable:       8840 kB
Buffers:             756 kB
Cached:            82420 kB
SwapCached:            0 kB
Active:          3441348 kB
Inactive:          73872 kB
Active(anon):    3433512 kB
Inactive(anon):    64920 kB
Active(file):       7836 kB
Inactive(file):     8952 kB
Unevictable:          32 kB
Mlocked:              32 kB
SwapTotal:             0 kB
SwapFree:              0 kB
Dirty:               212 kB
Writeback:             0 kB
AnonPages:       3432396 kB
Mapped:            74424 kB
Shmem:             66152 kB
Slab:              69232 kB
SReclaimable:      31724 kB
SUnreclaim:        37508 kB
KernelStack:       13360 kB
PageTables:        39572 kB
NFS_Unstable:          0 kB
Bounce:                0 kB
WritebackTmp:          0 kB
CommitLimit:     1947688 kB
Committed_AS:    7643024 kB
VmallocTotal:   34359738367 kB
VmallocUsed:           0 kB
VmallocChunk:          0 kB
HardwareCorrupted:     0 kB
AnonHugePages:   1472512 kB
ShmemHugePages:        0 kB
ShmemPmdMapped:        0 kB
CmaTotal:              0 kB
CmaFree:               0 kB
HugePages_Total:       0
HugePages_Free:        0
HugePages_Rsvd:        0
HugePages_Surp:        0
Hugepagesize:       2048 kB
DirectMap4k:     1131460 kB
DirectMap2M:     2912256 kB


CPU:total 4 (initial active 4) (2 cores per cpu, 2 threads per core) family 6 model 37 stepping 2, cmov, cx8, fxsr, mmx, sse, sse2, sse3, ssse3, sse4.1, sse4.2, popcnt, ht, tsc, tscinvbit

/proc/cpuinfo:
processor	: 0
vendor_id	: GenuineIntel
cpu family	: 6
model		: 37
model name	: Intel(R) Core(TM) i3 CPU       M 350  @ 2.27GHz
stepping	: 2
microcode	: 0xe
cpu MHz		: 2266.000
cache size	: 3072 KB
physical id	: 0
siblings	: 4
core id		: 0
cpu cores	: 2
apicid		: 0
initial apicid	: 0
fpu		: yes
fpu_exception	: yes
cpuid level	: 11
wp		: yes
flags		: fpu vme de pse tsc msr pae mce cx8 apic sep mtrr pge mca cmov pat pse36 clflush dts acpi mmx fxsr sse sse2 ss ht tm pbe syscall nx rdtscp lm constant_tsc arch_perfmon pebs bts rep_good nopl xtopology nonstop_tsc aperfmperf pni dtes64 monitor ds_cpl vmx est tm2 ssse3 cx16 xtpr pdcm sse4_1 sse4_2 popcnt lahf_lm tpr_shadow vnmi flexpriority ept vpid dtherm arat
bugs		:
bogomips	: 4657.79
clflush size	: 64
cache_alignment	: 64
address sizes	: 36 bits physical, 48 bits virtual
power management:

processor	: 1
vendor_id	: GenuineIntel
cpu family	: 6
model		: 37
model name	: Intel(R) Core(TM) i3 CPU       M 350  @ 2.27GHz
stepping	: 2
microcode	: 0xe
cpu MHz		: 2266.000
cache size	: 3072 KB
physical id	: 0
siblings	: 4
core id		: 2
cpu cores	: 2
apicid		: 4
initial apicid	: 4
fpu		: yes
fpu_exception	: yes
cpuid level	: 11
wp		: yes
flags		: fpu vme de pse tsc msr pae mce cx8 apic sep mtrr pge mca cmov pat pse36 clflush dts acpi mmx fxsr sse sse2 ss ht tm pbe syscall nx rdtscp lm constant_tsc arch_perfmon pebs bts rep_good nopl xtopology nonstop_tsc aperfmperf pni dtes64 monitor ds_cpl vmx est tm2 ssse3 cx16 xtpr pdcm sse4_1 sse4_2 popcnt lahf_lm tpr_shadow vnmi flexpriority ept vpid dtherm arat
bugs		:
bogomips	: 4657.79
clflush size	: 64
cache_alignment	: 64
address sizes	: 36 bits physical, 48 bits virtual
power management:

processor	: 2
vendor_id	: GenuineIntel
cpu family	: 6
model		: 37
model name	: Intel(R) Core(TM) i3 CPU       M 350  @ 2.27GHz
stepping	: 2
microcode	: 0xe
cpu MHz		: 933.000
cache size	: 3072 KB
physical id	: 0
siblings	: 4
core id		: 0
cpu cores	: 2
apicid		: 1
initial apicid	: 1
fpu		: yes
fpu_exception	: yes
cpuid level	: 11
wp		: yes
flags		: fpu vme de pse tsc msr pae mce cx8 apic sep mtrr pge mca cmov pat pse36 clflush dts acpi mmx fxsr sse sse2 ss ht tm pbe syscall nx rdtscp lm constant_tsc arch_perfmon pebs bts rep_good nopl xtopology nonstop_tsc aperfmperf pni dtes64 monitor ds_cpl vmx est tm2 ssse3 cx16 xtpr pdcm sse4_1 sse4_2 popcnt lahf_lm tpr_shadow vnmi flexpriority ept vpid dtherm arat
bugs		:
bogomips	: 4657.79
clflush size	: 64
cache_alignment	: 64
address sizes	: 36 bits physical, 48 bits virtual
power management:

processor	: 3
vendor_id	: GenuineIntel
cpu family	: 6
model		: 37
model name	: Intel(R) Core(TM) i3 CPU       M 350  @ 2.27GHz
stepping	: 2
microcode	: 0xe
cpu MHz		: 2266.000
cache size	: 3072 KB
physical id	: 0
siblings	: 4
core id		: 2
cpu cores	: 2
apicid		: 5
initial apicid	: 5
fpu		: yes
fpu_exception	: yes
cpuid level	: 11
wp		: yes
flags		: fpu vme de pse tsc msr pae mce cx8 apic sep mtrr pge mca cmov pat pse36 clflush dts acpi mmx fxsr sse sse2 ss ht tm pbe syscall nx rdtscp lm constant_tsc arch_perfmon pebs bts rep_good nopl xtopology nonstop_tsc aperfmperf pni dtes64 monitor ds_cpl vmx est tm2 ssse3 cx16 xtpr pdcm sse4_1 sse4_2 popcnt lahf_lm tpr_shadow vnmi flexpriority ept vpid dtherm arat
bugs		:
bogomips	: 4657.79
clflush size	: 64
cache_alignment	: 64
address sizes	: 36 bits physical, 48 bits virtual
power management:



Memory: 4k page, physical 3895380k(103592k free), swap 0k(0k free)

vm_info: Java HotSpot(TM) 64-Bit Server VM (25.144-b01) for linux-amd64 JRE (1.8.0_144-b01), built on Jul 21 2017 21:57:33 by "java_re" with gcc 4.3.0 20080428 (Red Hat 4.3.0-8)

time: Fri Oct  6 10:30:22 2017
elapsed time: 32 seconds (0d 0h 0m 32s)

