#
# There is insufficient memory for the Java Runtime Environment to continue.
# Native memory allocation (mmap) failed to map 66060288 bytes for committing reserved memory.
# Possible reasons:
#   The system is out of physical RAM or swap space
#   In 32 bit mode, the process size limit was hit
# Possible solutions:
#   Reduce memory load on the system
#   Increase physical memory or swap space
#   Check if swap backing store is full
#   Use 64 bit Java on a 64 bit OS
#   Decrease Java heap size (-Xmx/-Xms)
#   Decrease number of Java threads
#   Decrease Java thread stack sizes (-Xss)
#   Set larger code cache with -XX:ReservedCodeCacheSize=
# This output file may be truncated or incomplete.
#
#  Out of Memory Error (os_linux.cpp:2640), pid=5669, tid=0x00007f3d18afa700
#
# JRE version: Java(TM) SE Runtime Environment (8.0_144-b01) (build 1.8.0_144-b01)
# Java VM: Java HotSpot(TM) 64-Bit Server VM (25.144-b01 mixed mode linux-amd64 compressed oops)
# Failed to write core dump. Core dumps have been disabled. To enable core dumping, try "ulimit -c unlimited" before starting Java again
#

---------------  T H R E A D  ---------------

Current thread (0x00007f3d28077800):  VMThread [stack: 0x00007f3d189fa000,0x00007f3d18afb000] [id=5693]

Stack: [0x00007f3d189fa000,0x00007f3d18afb000],  sp=0x00007f3d18af9280,  free space=1020k
Native frames: (J=compiled Java code, j=interpreted, Vv=VM code, C=native code)
V  [libjvm.so+0xacb18a]  VMError::report_and_die()+0x2ba
V  [libjvm.so+0x4ff4db]  report_vm_out_of_memory(char const*, int, unsigned long, VMErrorType, char const*)+0x8b
V  [libjvm.so+0x927d23]  os::Linux::commit_memory_impl(char*, unsigned long, bool)+0x103
V  [libjvm.so+0x928279]  os::pd_commit_memory(char*, unsigned long, unsigned long, bool)+0x29
V  [libjvm.so+0x92249a]  os::commit_memory(char*, unsigned long, unsigned long, bool)+0x2a
V  [libjvm.so+0x996ff3]  PSVirtualSpace::expand_by(unsigned long)+0x53
V  [libjvm.so+0x9983f8]  PSYoungGen::resize_generation(unsigned long, unsigned long)+0xf8
V  [libjvm.so+0x997552]  PSYoungGen::resize(unsigned long, unsigned long)+0x22
V  [libjvm.so+0x99482b]  PSScavenge::invoke_no_policy()+0xf3b
V  [libjvm.so+0x98fad5]  PSParallelCompact::invoke(bool)+0x85
V  [libjvm.so+0x485f14]  CollectedHeap::collect_as_vm_thread(GCCause::Cause)+0x114
V  [libjvm.so+0xacc601]  VM_CollectForMetadataAllocation::doit()+0x161
V  [libjvm.so+0xad4685]  VM_Operation::evaluate()+0x55
V  [libjvm.so+0xad2a5a]  VMThread::evaluate_operation(VM_Operation*)+0xba
V  [libjvm.so+0xad2dde]  VMThread::loop()+0x1ce
V  [libjvm.so+0xad3250]  VMThread::run()+0x70
V  [libjvm.so+0x92a338]  java_start(Thread*)+0x108

VM_Operation (0x00007f3d3123a490): CollectForMetadataAllocation, mode: safepoint, requested by thread 0x00007f3d2800a000


---------------  P R O C E S S  ---------------

Java Threads: ( => current thread )
  0x00007f3d280db800 JavaThread "Service Thread" daemon [_thread_blocked, id=5700, stack(0x00007f3d182f3000,0x00007f3d183f4000)]
  0x00007f3d280be000 JavaThread "C1 CompilerThread2" daemon [_thread_blocked, id=5699, stack(0x00007f3d183f4000,0x00007f3d184f5000)]
  0x00007f3d280bc800 JavaThread "C2 CompilerThread1" daemon [_thread_blocked, id=5698, stack(0x00007f3d184f5000,0x00007f3d185f6000)]
  0x00007f3d280b9800 JavaThread "C2 CompilerThread0" daemon [_thread_blocked, id=5697, stack(0x00007f3d185f6000,0x00007f3d186f7000)]
  0x00007f3d280b5800 JavaThread "Signal Dispatcher" daemon [_thread_blocked, id=5696, stack(0x00007f3d186f7000,0x00007f3d187f8000)]
  0x00007f3d28083800 JavaThread "Finalizer" daemon [_thread_blocked, id=5695, stack(0x00007f3d187f8000,0x00007f3d188f9000)]
  0x00007f3d2807f000 JavaThread "Reference Handler" daemon [_thread_blocked, id=5694, stack(0x00007f3d188f9000,0x00007f3d189fa000)]
  0x00007f3d2800a000 JavaThread "main" [_thread_blocked, id=5688, stack(0x00007f3d31142000,0x00007f3d31243000)]

Other Threads:
=>0x00007f3d28077800 VMThread [stack: 0x00007f3d189fa000,0x00007f3d18afb000] [id=5693]
  0x00007f3d280de800 WatcherThread [stack: 0x00007f3d181f2000,0x00007f3d182f3000] [id=5701]

VM state:at safepoint (normal execution)

VM Mutex/Monitor currently owned by a thread:  ([mutex/lock_event])
[0x00007f3d280061a0] Threads_lock - owner thread: 0x00007f3d28077800
[0x00007f3d280066a0] Heap_lock - owner thread: 0x00007f3d2800a000

Heap:
 PSYoungGen      total 67584K, used 6624K [0x00000000ec300000, 0x00000000f0c00000, 0x0000000100000000)
  eden space 60928K, 0% used [0x00000000ec300000,0x00000000ec300000,0x00000000efe80000)
  from space 6656K, 99% used [0x00000000efe80000,0x00000000f04f8020,0x00000000f0500000)
  to   space 6144K, 0% used [0x00000000f0500000,0x00000000f0500000,0x00000000f0b00000)
 ParOldGen       total 40960K, used 8577K [0x00000000c4800000, 0x00000000c7000000, 0x00000000ec300000)
  object space 40960K, 20% used [0x00000000c4800000,0x00000000c50606e8,0x00000000c7000000)
 Metaspace       used 20628K, capacity 21174K, committed 21296K, reserved 1069056K
  class space    used 2530K, capacity 2688K, committed 2688K, reserved 1048576K

Card table byte_map: [0x00007f3d2dd01000,0x00007f3d2dede000] byte_map_base: 0x00007f3d2d6dd000

Marking Bits: (ParMarkBitMap*) 0x00007f3d3060edc0
 Begin Bits: [0x00007f3d12240000, 0x00007f3d13120000)
 End Bits:   [0x00007f3d13120000, 0x00007f3d14000000)

Polling page: 0x00007f3d3125f000

CodeCache: size=245760Kb used=10133Kb max_used=10133Kb free=235626Kb
 bounds [0x00007f3d19000000, 0x00007f3d199f0000, 0x00007f3d28000000]
 total_blobs=3350 nmethods=2987 adapters=277
 compilation: enabled

Compilation events (10 events):
Event: 11,028 Thread 0x00007f3d280be000 nmethod 2994 0x00007f3d199e5990 code [0x00007f3d199e5b00, 0x00007f3d199e5d30]
Event: 11,028 Thread 0x00007f3d280be000 2995       3       com.sun.tools.javac.util.Name::<init> (10 bytes)
Event: 11,028 Thread 0x00007f3d280be000 nmethod 2995 0x00007f3d199ebb10 code [0x00007f3d199ebc80, 0x00007f3d199ebe50]
Event: 11,045 Thread 0x00007f3d280b9800 2996   !   4       java.net.URLClassLoader$1::run (63 bytes)
Event: 11,234 Thread 0x00007f3d280be000 2998       3       com.sun.tools.javac.util.Context::checkState (13 bytes)
Event: 11,234 Thread 0x00007f3d280be000 nmethod 2998 0x00007f3d199eb690 code [0x00007f3d199eb800, 0x00007f3d199eba28]
Event: 11,242 Thread 0x00007f3d280be000 2999       3       com.sun.tools.javac.util.SharedNameTable::fromChars (187 bytes)
Event: 11,244 Thread 0x00007f3d280be000 nmethod 2999 0x00007f3d199e6f10 code [0x00007f3d199e7120, 0x00007f3d199e7bf8]
Event: 11,244 Thread 0x00007f3d280be000 3000       1       com.sun.tools.javac.util.SharedNameTable$NameImpl::getIndex (5 bytes)
Event: 11,244 Thread 0x00007f3d280be000 nmethod 3000 0x00007f3d199eb3d0 code [0x00007f3d199eb520, 0x00007f3d199eb630]

GC Heap History (10 events):
Event: 2,787 GC heap after
Heap after GC invocations=2 (full 0):
 PSYoungGen      total 17920K, used 2524K [0x00000000ec300000, 0x00000000ed700000, 0x0000000100000000)
  eden space 15360K, 0% used [0x00000000ec300000,0x00000000ec300000,0x00000000ed200000)
  from space 2560K, 98% used [0x00000000ed480000,0x00000000ed6f7250,0x00000000ed700000)
  to   space 2560K, 0% used [0x00000000ed200000,0x00000000ed200000,0x00000000ed480000)
 ParOldGen       total 40960K, used 865K [0x00000000c4800000, 0x00000000c7000000, 0x00000000ec300000)
  object space 40960K, 2% used [0x00000000c4800000,0x00000000c48d8530,0x00000000c7000000)
 Metaspace       used 7827K, capacity 7996K, committed 8320K, reserved 1056768K
  class space    used 986K, capacity 1048K, committed 1152K, reserved 1048576K
}
Event: 3,211 GC heap before
{Heap before GC invocations=3 (full 0):
 PSYoungGen      total 17920K, used 17884K [0x00000000ec300000, 0x00000000ed700000, 0x0000000100000000)
  eden space 15360K, 100% used [0x00000000ec300000,0x00000000ed200000,0x00000000ed200000)
  from space 2560K, 98% used [0x00000000ed480000,0x00000000ed6f7250,0x00000000ed700000)
  to   space 2560K, 0% used [0x00000000ed200000,0x00000000ed200000,0x00000000ed480000)
 ParOldGen       total 40960K, used 865K [0x00000000c4800000, 0x00000000c7000000, 0x00000000ec300000)
  object space 40960K, 2% used [0x00000000c4800000,0x00000000c48d8530,0x00000000c7000000)
 Metaspace       used 9779K, capacity 9976K, committed 10112K, reserved 1058816K
  class space    used 1213K, capacity 1281K, committed 1408K, reserved 1048576K
Event: 3,218 GC heap after
Heap after GC invocations=3 (full 0):
 PSYoungGen      total 17920K, used 2536K [0x00000000ec300000, 0x00000000ee600000, 0x0000000100000000)
  eden space 15360K, 0% used [0x00000000ec300000,0x00000000ec300000,0x00000000ed200000)
  from space 2560K, 99% used [0x00000000ed200000,0x00000000ed47a1a0,0x00000000ed480000)
  to   space 2560K, 0% used [0x00000000ee380000,0x00000000ee380000,0x00000000ee600000)
 ParOldGen       total 40960K, used 2673K [0x00000000c4800000, 0x00000000c7000000, 0x00000000ec300000)
  object space 40960K, 6% used [0x00000000c4800000,0x00000000c4a9c418,0x00000000c7000000)
 Metaspace       used 9779K, capacity 9976K, committed 10112K, reserved 1058816K
  class space    used 1213K, capacity 1281K, committed 1408K, reserved 1048576K
}
Event: 3,623 GC heap before
{Heap before GC invocations=4 (full 0):
 PSYoungGen      total 17920K, used 17892K [0x00000000ec300000, 0x00000000ee600000, 0x0000000100000000)
  eden space 15360K, 99% used [0x00000000ec300000,0x00000000ed1ff080,0x00000000ed200000)
  from space 2560K, 99% used [0x00000000ed200000,0x00000000ed47a1a0,0x00000000ed480000)
  to   space 2560K, 0% used [0x00000000ee380000,0x00000000ee380000,0x00000000ee600000)
 ParOldGen       total 40960K, used 2673K [0x00000000c4800000, 0x00000000c7000000, 0x00000000ec300000)
  object space 40960K, 6% used [0x00000000c4800000,0x00000000c4a9c418,0x00000000c7000000)
 Metaspace       used 11767K, capacity 11944K, committed 12160K, reserved 1060864K
  class space    used 1488K, capacity 1572K, committed 1664K, reserved 1048576K
Event: 3,632 GC heap after
Heap after GC invocations=4 (full 0):
 PSYoungGen      total 33280K, used 2528K [0x00000000ec300000, 0x00000000ee600000, 0x0000000100000000)
  eden space 30720K, 0% used [0x00000000ec300000,0x00000000ec300000,0x00000000ee100000)
  from space 2560K, 98% used [0x00000000ee380000,0x00000000ee5f8020,0x00000000ee600000)
  to   space 2560K, 0% used [0x00000000ee100000,0x00000000ee100000,0x00000000ee380000)
 ParOldGen       total 40960K, used 5035K [0x00000000c4800000, 0x00000000c7000000, 0x00000000ec300000)
  object space 40960K, 12% used [0x00000000c4800000,0x00000000c4ceae38,0x00000000c7000000)
 Metaspace       used 11767K, capacity 11944K, committed 12160K, reserved 1060864K
  class space    used 1488K, capacity 1572K, committed 1664K, reserved 1048576K
}
Event: 4,614 GC heap before
{Heap before GC invocations=5 (full 0):
 PSYoungGen      total 33280K, used 33248K [0x00000000ec300000, 0x00000000ee600000, 0x0000000100000000)
  eden space 30720K, 100% used [0x00000000ec300000,0x00000000ee100000,0x00000000ee100000)
  from space 2560K, 98% used [0x00000000ee380000,0x00000000ee5f8020,0x00000000ee600000)
  to   space 2560K, 0% used [0x00000000ee100000,0x00000000ee100000,0x00000000ee380000)
 ParOldGen       total 40960K, used 5035K [0x00000000c4800000, 0x00000000c7000000, 0x00000000ec300000)
  object space 40960K, 12% used [0x00000000c4800000,0x00000000c4ceae38,0x00000000c7000000)
 Metaspace       used 14171K, capacity 14350K, committed 14720K, reserved 1062912K
  class space    used 1767K, capacity 1872K, committed 1920K, reserved 1048576K
Event: 4,635 GC heap after
Heap after GC invocations=5 (full 0):
 PSYoungGen      total 33280K, used 2544K [0x00000000ec300000, 0x00000000f0b00000, 0x0000000100000000)
  eden space 30720K, 0% used [0x00000000ec300000,0x00000000ec300000,0x00000000ee100000)
  from space 2560K, 99% used [0x00000000ee100000,0x00000000ee37c030,0x00000000ee380000)
  to   space 6144K, 0% used [0x00000000f0500000,0x00000000f0500000,0x00000000f0b00000)
 ParOldGen       total 40960K, used 6946K [0x00000000c4800000, 0x00000000c7000000, 0x00000000ec300000)
  object space 40960K, 16% used [0x00000000c4800000,0x00000000c4ec8bf0,0x00000000c7000000)
 Metaspace       used 14171K, capacity 14350K, committed 14720K, reserved 1062912K
  class space    used 1767K, capacity 1872K, committed 1920K, reserved 1048576K
}
Event: 7,330 GC heap before
{Heap before GC invocations=6 (full 0):
 PSYoungGen      total 33280K, used 33264K [0x00000000ec300000, 0x00000000f0b00000, 0x0000000100000000)
  eden space 30720K, 100% used [0x00000000ec300000,0x00000000ee100000,0x00000000ee100000)
  from space 2560K, 99% used [0x00000000ee100000,0x00000000ee37c030,0x00000000ee380000)
  to   space 6144K, 0% used [0x00000000f0500000,0x00000000f0500000,0x00000000f0b00000)
 ParOldGen       total 40960K, used 6946K [0x00000000c4800000, 0x00000000c7000000, 0x00000000ec300000)
  object space 40960K, 16% used [0x00000000c4800000,0x00000000c4ec8bf0,0x00000000c7000000)
 Metaspace       used 16183K, capacity 16434K, committed 16768K, reserved 1064960K
  class space    used 1961K, capacity 2072K, committed 2176K, reserved 1048576K
Event: 7,345 GC heap after
Heap after GC invocations=6 (full 0):
 PSYoungGen      total 67072K, used 6005K [0x00000000ec300000, 0x00000000f0c00000, 0x0000000100000000)
  eden space 60928K, 0% used [0x00000000ec300000,0x00000000ec300000,0x00000000efe80000)
  from space 6144K, 97% used [0x00000000f0500000,0x00000000f0add678,0x00000000f0b00000)
  to   space 6656K, 0% used [0x00000000efe80000,0x00000000efe80000,0x00000000f0500000)
 ParOldGen       total 40960K, used 6954K [0x00000000c4800000, 0x00000000c7000000, 0x00000000ec300000)
  object space 40960K, 16% used [0x00000000c4800000,0x00000000c4ecabf0,0x00000000c7000000)
 Metaspace       used 16183K, capacity 16434K, committed 16768K, reserved 1064960K
  class space    used 1961K, capacity 2072K, committed 2176K, reserved 1048576K
}
Event: 11,298 GC heap before
{Heap before GC invocations=7 (full 0):
 PSYoungGen      total 67072K, used 59830K [0x00000000ec300000, 0x00000000f0c00000, 0x0000000100000000)
  eden space 60928K, 88% used [0x00000000ec300000,0x00000000ef7901f8,0x00000000efe80000)
  from space 6144K, 97% used [0x00000000f0500000,0x00000000f0add678,0x00000000f0b00000)
  to   space 6656K, 0% used [0x00000000efe80000,0x00000000efe80000,0x00000000f0500000)
 ParOldGen       total 40960K, used 6954K [0x00000000c4800000, 0x00000000c7000000, 0x00000000ec300000)
  object space 40960K, 16% used [0x00000000c4800000,0x00000000c4ecabf0,0x00000000c7000000)
 Metaspace       used 20628K, capacity 21174K, committed 21296K, reserved 1069056K
  class space    used 2530K, capacity 2688K, committed 2688K, reserved 1048576K

Deoptimization events (10 events):
Event: 8,036 Thread 0x00007f3d2800a000 Uncommon trap: reason=unstable_if action=reinterpret pc=0x00007f3d193506e0 method=java.util.HashMap.getNode(ILjava/lang/Object;)Ljava/util/HashMap$Node; @ 53
Event: 8,498 Thread 0x00007f3d2800a000 Uncommon trap: reason=bimorphic action=maybe_recompile pc=0x00007f3d198245b4 method=java.util.regex.Pattern$Curly.match0(Ljava/util/regex/Matcher;IILjava/lang/CharSequence;)Z @ 170
Event: 8,498 Thread 0x00007f3d2800a000 Uncommon trap: reason=bimorphic action=maybe_recompile pc=0x00007f3d1977f764 method=java.util.regex.Pattern$CharProperty.match(Ljava/util/regex/Matcher;ILjava/lang/CharSequence;)Z @ 37
Event: 9,070 Thread 0x00007f3d2800a000 Uncommon trap: reason=bimorphic action=maybe_recompile pc=0x00007f3d198245b4 method=java.util.regex.Pattern$Curly.match0(Ljava/util/regex/Matcher;IILjava/lang/CharSequence;)Z @ 170
Event: 9,071 Thread 0x00007f3d2800a000 Uncommon trap: reason=bimorphic action=maybe_recompile pc=0x00007f3d198245b4 method=java.util.regex.Pattern$Curly.match0(Ljava/util/regex/Matcher;IILjava/lang/CharSequence;)Z @ 170
Event: 9,072 Thread 0x00007f3d2800a000 Uncommon trap: reason=bimorphic action=maybe_recompile pc=0x00007f3d198245b4 method=java.util.regex.Pattern$Curly.match0(Ljava/util/regex/Matcher;IILjava/lang/CharSequence;)Z @ 170
Event: 9,688 Thread 0x00007f3d2800a000 Uncommon trap: reason=bimorphic action=maybe_recompile pc=0x00007f3d1977f764 method=java.util.regex.Pattern$CharProperty.match(Ljava/util/regex/Matcher;ILjava/lang/CharSequence;)Z @ 37
Event: 10,175 Thread 0x00007f3d2800a000 Uncommon trap: reason=bimorphic action=maybe_recompile pc=0x00007f3d1977f764 method=java.util.regex.Pattern$CharProperty.match(Ljava/util/regex/Matcher;ILjava/lang/CharSequence;)Z @ 37
Event: 10,198 Thread 0x00007f3d2800a000 Uncommon trap: reason=bimorphic action=maybe_recompile pc=0x00007f3d19737558 method=java.util.concurrent.ConcurrentHashMap.get(Ljava/lang/Object;)Ljava/lang/Object; @ 149
Event: 10,378 Thread 0x00007f3d2800a000 Uncommon trap: reason=predicate action=maybe_recompile pc=0x00007f3d1978baa4 method=sun.misc.Resource.getBytes()[B @ 53

Internal exceptions (10 events):
Event: 4,122 Thread 0x00007f3d2800a000 Exception <a 'java/lang/NoClassDefFoundError': javax/annotation/Priority> (0x00000000ed261960) thrown at [/HUDSON3/workspace/8-2-build-linux-amd64/jdk8u144/9417/hotspot/src/share/vm/classfile/systemDictionary.cpp, line 199]
Event: 5,704 Thread 0x00007f3d2800a000 Exception <a 'java/lang/NullPointerException'> (0x00000000ec81d3e8) thrown at [/HUDSON3/workspace/8-2-build-linux-amd64/jdk8u144/9417/hotspot/src/share/vm/interpreter/linkResolver.cpp, line 1197]
Event: 5,704 Thread 0x00007f3d2800a000 Exception <a 'java/lang/NullPointerException'> (0x00000000ec81d600) thrown at [/HUDSON3/workspace/8-2-build-linux-amd64/jdk8u144/9417/hotspot/src/share/vm/interpreter/linkResolver.cpp, line 1197]
Event: 5,704 Thread 0x00007f3d2800a000 Exception <a 'java/lang/NullPointerException'> (0x00000000ec81d818) thrown at [/HUDSON3/workspace/8-2-build-linux-amd64/jdk8u144/9417/hotspot/src/share/vm/interpreter/linkResolver.cpp, line 1197]
Event: 5,705 Thread 0x00007f3d2800a000 Exception <a 'java/lang/NullPointerException'> (0x00000000ec823be0) thrown at [/HUDSON3/workspace/8-2-build-linux-amd64/jdk8u144/9417/hotspot/src/share/vm/interpreter/linkResolver.cpp, line 1197]
Event: 5,705 Thread 0x00007f3d2800a000 Exception <a 'java/lang/NullPointerException'> (0x00000000ec823df8) thrown at [/HUDSON3/workspace/8-2-build-linux-amd64/jdk8u144/9417/hotspot/src/share/vm/interpreter/linkResolver.cpp, line 1197]
Event: 5,705 Thread 0x00007f3d2800a000 Exception <a 'java/lang/NullPointerException'> (0x00000000ec824010) thrown at [/HUDSON3/workspace/8-2-build-linux-amd64/jdk8u144/9417/hotspot/src/share/vm/interpreter/linkResolver.cpp, line 1197]
Event: 6,478 Thread 0x00007f3d2800a000 Implicit null exception at 0x00007f3d193650f5 to 0x00007f3d193652fd
Event: 6,479 Thread 0x00007f3d2800a000 Implicit null exception at 0x00007f3d192ff56f to 0x00007f3d192ff5d9
Event: 6,727 Thread 0x00007f3d2800a000 Implicit null exception at 0x00007f3d196d52b9 to 0x00007f3d196d5c81

Events (10 events):
Event: 11,007 loading class java/util/JumboEnumSet done
Event: 11,007 Executing VM operation: Deoptimize
Event: 11,007 Executing VM operation: Deoptimize done
Event: 11,050 loading class java/net/InetAddress
Event: 11,099 loading class java/net/InetAddress done
Event: 11,219 loading class javax/lang/model/util/Elements
Event: 11,230 loading class javax/lang/model/util/Elements done
Event: 11,230 loading class javax/lang/model/util/Types
Event: 11,231 loading class javax/lang/model/util/Types done
Event: 11,266 Executing VM operation: CollectForMetadataAllocation


Dynamic libraries:
00400000-00401000 r-xp 00000000 08:11 283161                             /usr/lib/jvm/java-8-oracle/bin/java
00600000-00601000 rw-p 00000000 08:11 283161                             /usr/lib/jvm/java-8-oracle/bin/java
01e15000-01e36000 rw-p 00000000 00:00 0                                  [heap]
c4800000-c7000000 rw-p 00000000 00:00 0 
c7000000-ec300000 ---p 00000000 00:00 0 
ec300000-f0c00000 rw-p 00000000 00:00 0 
f4b00000-100000000 ---p 00000000 00:00 0 
100000000-1002a0000 rw-p 00000000 00:00 0 
1002a0000-140000000 ---p 00000000 00:00 0 
7f3cdc000000-7f3cdc021000 rw-p 00000000 00:00 0 
7f3cdc021000-7f3ce0000000 ---p 00000000 00:00 0 
7f3ce0000000-7f3ce0021000 rw-p 00000000 00:00 0 
7f3ce0021000-7f3ce4000000 ---p 00000000 00:00 0 
7f3ce4000000-7f3ce60c8000 rw-p 00000000 00:00 0 
7f3ce60c8000-7f3ce8000000 ---p 00000000 00:00 0 
7f3ce8000000-7f3ce867c000 rw-p 00000000 00:00 0 
7f3ce867c000-7f3cec000000 ---p 00000000 00:00 0 
7f3cec000000-7f3cec021000 rw-p 00000000 00:00 0 
7f3cec021000-7f3cf0000000 ---p 00000000 00:00 0 
7f3cf0000000-7f3cf1a3f000 rw-p 00000000 00:00 0 
7f3cf1a3f000-7f3cf4000000 ---p 00000000 00:00 0 
7f3cf4000000-7f3cf4021000 rw-p 00000000 00:00 0 
7f3cf4021000-7f3cf8000000 ---p 00000000 00:00 0 
7f3cf8000000-7f3cf8021000 rw-p 00000000 00:00 0 
7f3cf8021000-7f3cfc000000 ---p 00000000 00:00 0 
7f3cfc000000-7f3cfc021000 rw-p 00000000 00:00 0 
7f3cfc021000-7f3d00000000 ---p 00000000 00:00 0 
7f3d00000000-7f3d00290000 rw-p 00000000 00:00 0 
7f3d00290000-7f3d04000000 ---p 00000000 00:00 0 
7f3d04000000-7f3d04021000 rw-p 00000000 00:00 0 
7f3d04021000-7f3d08000000 ---p 00000000 00:00 0 
7f3d08fff000-7f3d0c000000 rw-p 00000000 00:00 0 
7f3d0c000000-7f3d0c021000 rw-p 00000000 00:00 0 
7f3d0c021000-7f3d10000000 ---p 00000000 00:00 0 
7f3d10728000-7f3d10754000 rw-p 00000000 00:00 0 
7f3d10754000-7f3d10928000 ---p 00000000 00:00 0 
7f3d10928000-7f3d10b28000 rw-p 00000000 00:00 0 
7f3d10b28000-7f3d10d28000 rw-p 00000000 00:00 0 
7f3d10d28000-7f3d10d39000 r-xp 00000000 08:11 408531                     /usr/lib/jvm/java-8-oracle/jre/lib/amd64/libnio.so
7f3d10d39000-7f3d10f38000 ---p 00011000 08:11 408531                     /usr/lib/jvm/java-8-oracle/jre/lib/amd64/libnio.so
7f3d10f38000-7f3d10f39000 rw-p 00010000 08:11 408531                     /usr/lib/jvm/java-8-oracle/jre/lib/amd64/libnio.so
7f3d10f39000-7f3d10f4f000 r-xp 00000000 08:11 408506                     /usr/lib/jvm/java-8-oracle/jre/lib/amd64/libnet.so
7f3d10f4f000-7f3d1114f000 ---p 00016000 08:11 408506                     /usr/lib/jvm/java-8-oracle/jre/lib/amd64/libnet.so
7f3d1114f000-7f3d11150000 rw-p 00016000 08:11 408506                     /usr/lib/jvm/java-8-oracle/jre/lib/amd64/libnet.so
7f3d11150000-7f3d11350000 rw-p 00000000 00:00 0 
7f3d11350000-7f3d11550000 rw-p 00000000 00:00 0 
7f3d11550000-7f3d11750000 rw-p 00000000 00:00 0 
7f3d11750000-7f3d12240000 r--p 00000000 08:11 9163                       /usr/lib/locale/locale-archive
7f3d12240000-7f3d14000000 rw-p 00000000 00:00 0 
7f3d14000000-7f3d14021000 rw-p 00000000 00:00 0 
7f3d14021000-7f3d18000000 ---p 00000000 00:00 0 
7f3d18152000-7f3d181cc000 r--s 010f7000 08:11 282383                     /usr/lib/jvm/java-8-oracle/lib/tools.jar
7f3d181cc000-7f3d181ce000 r--s 00002000 08:12 1049865                    /home/piotrek/.m2/repository/org/codehaus/plexus/plexus-compiler-javac/1.8.1/plexus-compiler-javac-1.8.1.jar
7f3d181ce000-7f3d181d0000 r--s 00000000 08:12 1049863                    /home/piotrek/.m2/repository/org/codehaus/plexus/plexus-compiler-manager/1.8.1/plexus-compiler-manager-1.8.1.jar
7f3d181d0000-7f3d181d1000 r--s 00004000 08:12 1049861                    /home/piotrek/.m2/repository/org/codehaus/plexus/plexus-compiler-api/1.8.1/plexus-compiler-api-1.8.1.jar
7f3d181d1000-7f3d181d3000 r--s 00006000 08:12 920026                     /home/piotrek/.m2/repository/org/apache/maven/plugins/maven-compiler-plugin/2.3.2/maven-compiler-plugin-2.3.2.jar
7f3d181d3000-7f3d181d5000 r--s 0000d000 08:12 918117                     /home/piotrek/.m2/repository/org/codehaus/plexus/plexus-interpolation/1.13/plexus-interpolation-1.13.jar
7f3d181d5000-7f3d181d6000 r--s 00001000 08:12 918116                     /home/piotrek/.m2/repository/org/sonatype/plexus/plexus-build-api/0.0.4/plexus-build-api-0.0.4.jar
7f3d181d6000-7f3d181d8000 r--s 00009000 08:12 918115                     /home/piotrek/.m2/repository/org/apache/maven/shared/maven-filtering/1.1/maven-filtering-1.1.jar
7f3d181d8000-7f3d181dc000 r--s 00033000 08:12 918113                     /home/piotrek/.m2/repository/org/codehaus/plexus/plexus-utils/2.0.5/plexus-utils-2.0.5.jar
7f3d181dc000-7f3d181df000 r--s 0001b000 08:12 917830                     /home/piotrek/.m2/repository/junit/junit/3.8.1/junit-3.8.1.jar
7f3d181df000-7f3d181e1000 r--s 00002000 08:12 918098                     /home/piotrek/.m2/repository/org/codehaus/plexus/plexus-interactivity-api/1.0-alpha-4/plexus-interactivity-api-1.0-alpha-4.jar
7f3d181e1000-7f3d181e3000 r--s 00006000 08:12 918095                     /home/piotrek/.m2/repository/commons-cli/commons-cli/1.0/commons-cli-1.0.jar
7f3d181e3000-7f3d181e4000 r--s 00001000 08:12 918088                     /home/piotrek/.m2/repository/org/apache/maven/doxia/doxia-sink-api/1.0-alpha-7/doxia-sink-api-1.0-alpha-7.jar
7f3d181e4000-7f3d181e5000 r--s 00002000 08:12 918085                     /home/piotrek/.m2/repository/org/apache/maven/reporting/maven-reporting-api/2.0.6/maven-reporting-api-2.0.6.jar
7f3d181e5000-7f3d181e7000 r--s 00006000 08:12 917906                     /home/piotrek/.m2/repository/org/apache/maven/plugins/maven-resources-plugin/2.6/maven-resources-plugin-2.6.jar
7f3d181e7000-7f3d181eb000 r--s 00034000 08:12 789681                     /home/piotrek/.m2/repository/org/codehaus/plexus/plexus-utils/3.0/plexus-utils-3.0.jar
7f3d181eb000-7f3d181ed000 r--s 00005000 08:12 917861                     /home/piotrek/.m2/repository/org/apache/maven/plugins/maven-clean-plugin/2.5/maven-clean-plugin-2.5.jar
7f3d181ed000-7f3d181f2000 r--s 0009a000 08:11 283189                     /usr/lib/jvm/java-8-oracle/jre/lib/jsse.jar
7f3d181f2000-7f3d181f3000 ---p 00000000 00:00 0 
7f3d181f3000-7f3d182f3000 rw-p 00000000 00:00 0 
7f3d182f3000-7f3d182f6000 ---p 00000000 00:00 0 
7f3d182f6000-7f3d183f4000 rw-p 00000000 00:00 0 
7f3d183f4000-7f3d183f7000 ---p 00000000 00:00 0 
7f3d183f7000-7f3d184f5000 rw-p 00000000 00:00 0 
7f3d184f5000-7f3d184f8000 ---p 00000000 00:00 0 
7f3d184f8000-7f3d185f6000 rw-p 00000000 00:00 0 
7f3d185f6000-7f3d185f9000 ---p 00000000 00:00 0 
7f3d185f9000-7f3d186f7000 rw-p 00000000 00:00 0 
7f3d186f7000-7f3d186fa000 ---p 00000000 00:00 0 
7f3d186fa000-7f3d187f8000 rw-p 00000000 00:00 0 
7f3d187f8000-7f3d187fb000 ---p 00000000 00:00 0 
7f3d187fb000-7f3d188f9000 rw-p 00000000 00:00 0 
7f3d188f9000-7f3d188fc000 ---p 00000000 00:00 0 
7f3d188fc000-7f3d189fa000 rw-p 00000000 00:00 0 
7f3d189fa000-7f3d189fb000 ---p 00000000 00:00 0 
7f3d189fb000-7f3d19000000 rw-p 00000000 00:00 0 
7f3d19000000-7f3d199f0000 rwxp 00000000 00:00 0 
7f3d199f0000-7f3d28000000 ---p 00000000 00:00 0 
7f3d28000000-7f3d28c21000 rw-p 00000000 00:00 0 
7f3d28c21000-7f3d2c000000 ---p 00000000 00:00 0 
7f3d2c000000-7f3d2c002000 r--s 0000d000 08:11 412894                     /usr/share/java/maven3-aether-provider-3.3.9.jar
7f3d2c002000-7f3d2c004000 r--s 00006000 08:11 412742                     /usr/share/java/eclipse-aether-spi.jar
7f3d2c004000-7f3d2c007000 r--s 0000a000 08:11 412897                     /usr/share/java/maven3-artifact-3.3.9.jar
7f3d2c007000-7f3d2c009000 r--s 00007000 08:11 412664                     /usr/share/java/slf4j-api.jar
7f3d2c009000-7f3d2c00b000 r--s 00013000 08:11 412892                     /usr/share/java/maven3-embedder-3.3.9.jar
7f3d2c00b000-7f3d2c019000 r--s 00095000 08:11 412761                     /usr/share/java/guice.jar
7f3d2c019000-7f3d2c01e000 r--s 00040000 08:11 412596                     /usr/share/java/commons-lang-2.6.jar
7f3d2c01e000-7f3d2c023000 r--s 0001d000 08:11 412744                     /usr/share/java/eclipse-aether-api.jar
7f3d2c023000-7f3d2c026000 r--s 00007000 08:11 412895                     /usr/share/java/maven3-settings-builder-3.3.9.jar
7f3d2c026000-7f3d2c02a000 r--s 00020000 08:11 412745                     /usr/share/java/eclipse-aether-util.jar
7f3d2c02a000-7f3d2c02b000 r--s 00000000 08:11 412556                     /usr/share/java/geronimo-interceptor-3.0-spec-1.0.1.jar
7f3d2c02b000-7f3d2c02d000 r--s 00012000 08:11 412559                     /usr/share/java/el-api-3.0.jar
7f3d2c02d000-7f3d2c02e000 r--s 00000000 08:11 412548                     /usr/share/java/atinject-jsr330-api-1.0.jar
7f3d2c02e000-7f3d2c031000 r--s 00008000 08:11 412562                     /usr/share/java/cdi-api-1.0.jar
7f3d2c031000-7f3d2c033000 r--s 00002000 08:11 412807                     /usr/share/java/plexus-cipher.jar
7f3d2c033000-7f3d2c035000 r--s 0000a000 08:11 412870                     /usr/share/java/wagon-provider-api-2.x.jar
7f3d2c035000-7f3d2c037000 r--s 00000000 08:11 412857                     /usr/share/java/plexus-component-annotations-1.5.jar
7f3d2c037000-7f3d2c03d000 r--s 00048000 08:11 412680                     /usr/share/java/jsoup.jar
7f3d2c03d000-7f3d2c069000 r--s 00208000 08:11 412684                     /usr/share/java/guava.jar
7f3d2c069000-7f3d2c076000 r--s 0008d000 08:11 412889                     /usr/share/java/maven3-core-3.3.9.jar
7f3d2c076000-7f3d2c078000 r--s 0000e000 08:11 412643                     /usr/share/java/plexus-interpolation.jar
7f3d2c078000-7f3d2c07a000 r--s 00001000 08:11 412756                     /usr/share/java/aopalliance-1.0.jar
7f3d2c07a000-7f3d2c082000 r--s 00054000 08:11 412865                     /usr/share/java/sisu-inject.jar
7f3d2c082000-7f3d2c083000 r--s 00002000 08:11 412661                     /usr/share/java/slf4j-simple.jar
7f3d2c083000-7f3d2c085000 r--s 0000a000 08:11 412582                     /usr/share/java/commons-cli-1.3.1.jar
7f3d2c085000-7f3d2c086000 r--s 00006000 08:11 412809                     /usr/share/java/plexus-sec-dispatcher.jar
7f3d2c086000-7f3d2c087000 r--s 00004000 08:11 412547                     /usr/share/java/atinject-jsr330-tck-1.0.jar
7f3d2c087000-7f3d2c08e000 r--s 0005d000 08:11 412598                     /usr/share/java/commons-lang3.jar
7f3d2c08e000-7f3d2c092000 r--s 00027000 08:11 412737                     /usr/share/java/eclipse-aether-impl.jar
7f3d2c092000-7f3d2c099000 r--s 00041000 08:11 412888                     /usr/share/java/maven3-compat-3.3.9.jar
7f3d2c099000-7f3d2c09e000 r--s 00025000 08:11 412891                     /usr/share/java/maven3-model-builder-3.3.9.jar
7f3d2c09e000-7f3d2c0cf000 r--s 00207000 08:11 412873                     /usr/share/java/wagon-http-shaded-2.x.jar
7f3d2c0cf000-7f3d2c0d3000 r--s 00027000 08:11 412594                     /usr/share/java/commons-io-2.4.jar
7f3d2c0d3000-7f3d2c0d7000 r--s 00038000 08:11 412853                     /usr/share/java/plexus-utils2.jar
7f3d2c0d7000-7f3d2cb93000 rw-p 00000000 00:00 0 
7f3d2cb93000-7f3d2cd6d000 r--s 03d4d000 08:11 283226                     /usr/lib/jvm/java-8-oracle/jre/lib/rt.jar
7f3d2cd6d000-7f3d2d7bf000 rw-p 00000000 00:00 0 
7f3d2d7bf000-7f3d2d7c0000 ---p 00000000 00:00 0 
7f3d2d7c0000-7f3d2d8c0000 rw-p 00000000 00:00 0 
7f3d2d8c0000-7f3d2d8c1000 ---p 00000000 00:00 0 
7f3d2d8c1000-7f3d2d9c1000 rw-p 00000000 00:00 0 
7f3d2d9c1000-7f3d2d9c2000 ---p 00000000 00:00 0 
7f3d2d9c2000-7f3d2dac2000 rw-p 00000000 00:00 0 
7f3d2dac2000-7f3d2dac3000 ---p 00000000 00:00 0 
7f3d2dac3000-7f3d2dbd7000 rw-p 00000000 00:00 0 
7f3d2dbd7000-7f3d2dd01000 ---p 00000000 00:00 0 
7f3d2dd01000-7f3d2dd15000 rw-p 00000000 00:00 0 
7f3d2dd15000-7f3d2de3e000 ---p 00000000 00:00 0 
7f3d2de3e000-7f3d2de63000 rw-p 00000000 00:00 0 
7f3d2de63000-7f3d2dedd000 ---p 00000000 00:00 0 
7f3d2dedd000-7f3d2df06000 rw-p 00000000 00:00 0 
7f3d2df06000-7f3d2e29e000 ---p 00000000 00:00 0 
7f3d2e29e000-7f3d2e2b8000 r-xp 00000000 08:11 408529                     /usr/lib/jvm/java-8-oracle/jre/lib/amd64/libzip.so
7f3d2e2b8000-7f3d2e4b8000 ---p 0001a000 08:11 408529                     /usr/lib/jvm/java-8-oracle/jre/lib/amd64/libzip.so
7f3d2e4b8000-7f3d2e4b9000 rw-p 0001a000 08:11 408529                     /usr/lib/jvm/java-8-oracle/jre/lib/amd64/libzip.so
7f3d2e4b9000-7f3d2e4c4000 r-xp 00000000 08:11 662497                     /lib/x86_64-linux-gnu/libnss_files-2.23.so
7f3d2e4c4000-7f3d2e6c3000 ---p 0000b000 08:11 662497                     /lib/x86_64-linux-gnu/libnss_files-2.23.so
7f3d2e6c3000-7f3d2e6c4000 r--p 0000a000 08:11 662497                     /lib/x86_64-linux-gnu/libnss_files-2.23.so
7f3d2e6c4000-7f3d2e6c5000 rw-p 0000b000 08:11 662497                     /lib/x86_64-linux-gnu/libnss_files-2.23.so
7f3d2e6c5000-7f3d2e6cb000 rw-p 00000000 00:00 0 
7f3d2e6cb000-7f3d2e6d6000 r-xp 00000000 08:11 662507                     /lib/x86_64-linux-gnu/libnss_nis-2.23.so
7f3d2e6d6000-7f3d2e8d5000 ---p 0000b000 08:11 662507                     /lib/x86_64-linux-gnu/libnss_nis-2.23.so
7f3d2e8d5000-7f3d2e8d6000 r--p 0000a000 08:11 662507                     /lib/x86_64-linux-gnu/libnss_nis-2.23.so
7f3d2e8d6000-7f3d2e8d7000 rw-p 0000b000 08:11 662507                     /lib/x86_64-linux-gnu/libnss_nis-2.23.so
7f3d2e8d7000-7f3d2e8ed000 r-xp 00000000 08:11 662491                     /lib/x86_64-linux-gnu/libnsl-2.23.so
7f3d2e8ed000-7f3d2eaec000 ---p 00016000 08:11 662491                     /lib/x86_64-linux-gnu/libnsl-2.23.so
7f3d2eaec000-7f3d2eaed000 r--p 00015000 08:11 662491                     /lib/x86_64-linux-gnu/libnsl-2.23.so
7f3d2eaed000-7f3d2eaee000 rw-p 00016000 08:11 662491                     /lib/x86_64-linux-gnu/libnsl-2.23.so
7f3d2eaee000-7f3d2eaf0000 rw-p 00000000 00:00 0 
7f3d2eaf0000-7f3d2eaf8000 r-xp 00000000 08:11 662493                     /lib/x86_64-linux-gnu/libnss_compat-2.23.so
7f3d2eaf8000-7f3d2ecf7000 ---p 00008000 08:11 662493                     /lib/x86_64-linux-gnu/libnss_compat-2.23.so
7f3d2ecf7000-7f3d2ecf8000 r--p 00007000 08:11 662493                     /lib/x86_64-linux-gnu/libnss_compat-2.23.so
7f3d2ecf8000-7f3d2ecf9000 rw-p 00008000 08:11 662493                     /lib/x86_64-linux-gnu/libnss_compat-2.23.so
7f3d2ecf9000-7f3d2ed24000 r-xp 00000000 08:11 408556                     /usr/lib/jvm/java-8-oracle/jre/lib/amd64/libjava.so
7f3d2ed24000-7f3d2ef23000 ---p 0002b000 08:11 408556                     /usr/lib/jvm/java-8-oracle/jre/lib/amd64/libjava.so
7f3d2ef23000-7f3d2ef25000 rw-p 0002a000 08:11 408556                     /usr/lib/jvm/java-8-oracle/jre/lib/amd64/libjava.so
7f3d2ef25000-7f3d2ef32000 r-xp 00000000 08:11 408507                     /usr/lib/jvm/java-8-oracle/jre/lib/amd64/libverify.so
7f3d2ef32000-7f3d2f132000 ---p 0000d000 08:11 408507                     /usr/lib/jvm/java-8-oracle/jre/lib/amd64/libverify.so
7f3d2f132000-7f3d2f134000 rw-p 0000d000 08:11 408507                     /usr/lib/jvm/java-8-oracle/jre/lib/amd64/libverify.so
7f3d2f134000-7f3d2f13b000 r-xp 00000000 08:11 662552                     /lib/x86_64-linux-gnu/librt-2.23.so
7f3d2f13b000-7f3d2f33a000 ---p 00007000 08:11 662552                     /lib/x86_64-linux-gnu/librt-2.23.so
7f3d2f33a000-7f3d2f33b000 r--p 00006000 08:11 662552                     /lib/x86_64-linux-gnu/librt-2.23.so
7f3d2f33b000-7f3d2f33c000 rw-p 00007000 08:11 662552                     /lib/x86_64-linux-gnu/librt-2.23.so
7f3d2f33c000-7f3d2f444000 r-xp 00000000 08:11 662468                     /lib/x86_64-linux-gnu/libm-2.23.so
7f3d2f444000-7f3d2f643000 ---p 00108000 08:11 662468                     /lib/x86_64-linux-gnu/libm-2.23.so
7f3d2f643000-7f3d2f644000 r--p 00107000 08:11 662468                     /lib/x86_64-linux-gnu/libm-2.23.so
7f3d2f644000-7f3d2f645000 rw-p 00108000 08:11 662468                     /lib/x86_64-linux-gnu/libm-2.23.so
7f3d2f645000-7f3d30318000 r-xp 00000000 08:11 408560                     /usr/lib/jvm/java-8-oracle/jre/lib/amd64/server/libjvm.so
7f3d30318000-7f3d30517000 ---p 00cd3000 08:11 408560                     /usr/lib/jvm/java-8-oracle/jre/lib/amd64/server/libjvm.so
7f3d30517000-7f3d305f1000 rw-p 00cd2000 08:11 408560                     /usr/lib/jvm/java-8-oracle/jre/lib/amd64/server/libjvm.so
7f3d305f1000-7f3d3063c000 rw-p 00000000 00:00 0 
7f3d3063c000-7f3d307fc000 r-xp 00000000 08:11 662398                     /lib/x86_64-linux-gnu/libc-2.23.so
7f3d307fc000-7f3d309fc000 ---p 001c0000 08:11 662398                     /lib/x86_64-linux-gnu/libc-2.23.so
7f3d309fc000-7f3d30a00000 r--p 001c0000 08:11 662398                     /lib/x86_64-linux-gnu/libc-2.23.so
7f3d30a00000-7f3d30a02000 rw-p 001c4000 08:11 662398                     /lib/x86_64-linux-gnu/libc-2.23.so
7f3d30a02000-7f3d30a06000 rw-p 00000000 00:00 0 
7f3d30a06000-7f3d30a09000 r-xp 00000000 08:11 662422                     /lib/x86_64-linux-gnu/libdl-2.23.so
7f3d30a09000-7f3d30c08000 ---p 00003000 08:11 662422                     /lib/x86_64-linux-gnu/libdl-2.23.so
7f3d30c08000-7f3d30c09000 r--p 00002000 08:11 662422                     /lib/x86_64-linux-gnu/libdl-2.23.so
7f3d30c09000-7f3d30c0a000 rw-p 00003000 08:11 662422                     /lib/x86_64-linux-gnu/libdl-2.23.so
7f3d30c0a000-7f3d30c1f000 r-xp 00000000 08:11 282380                     /usr/lib/jvm/java-8-oracle/lib/amd64/jli/libjli.so
7f3d30c1f000-7f3d30e1f000 ---p 00015000 08:11 282380                     /usr/lib/jvm/java-8-oracle/lib/amd64/jli/libjli.so
7f3d30e1f000-7f3d30e20000 rw-p 00015000 08:11 282380                     /usr/lib/jvm/java-8-oracle/lib/amd64/jli/libjli.so
7f3d30e20000-7f3d30e38000 r-xp 00000000 08:11 662544                     /lib/x86_64-linux-gnu/libpthread-2.23.so
7f3d30e38000-7f3d31037000 ---p 00018000 08:11 662544                     /lib/x86_64-linux-gnu/libpthread-2.23.so
7f3d31037000-7f3d31038000 r--p 00017000 08:11 662544                     /lib/x86_64-linux-gnu/libpthread-2.23.so
7f3d31038000-7f3d31039000 rw-p 00018000 08:11 662544                     /lib/x86_64-linux-gnu/libpthread-2.23.so
7f3d31039000-7f3d3103d000 rw-p 00000000 00:00 0 
7f3d3103d000-7f3d31063000 r-xp 00000000 08:11 662370                     /lib/x86_64-linux-gnu/ld-2.23.so
7f3d31063000-7f3d3106a000 r--s 0002c000 08:11 412867                     /usr/share/java/sisu-plexus.jar
7f3d3106a000-7f3d31142000 rw-p 00000000 00:00 0 
7f3d31142000-7f3d31145000 ---p 00000000 00:00 0 
7f3d31145000-7f3d31247000 rw-p 00000000 00:00 0 
7f3d31247000-7f3d31249000 r--s 00001000 08:11 412896                     /usr/share/java/maven3-builder-support-3.3.9.jar
7f3d31249000-7f3d3124b000 r--s 00005000 08:11 412743                     /usr/share/java/eclipse-aether-transport-wagon.jar
7f3d3124b000-7f3d3124c000 r--s 00006000 08:11 412890                     /usr/share/java/maven3-repository-metadata-3.3.9.jar
7f3d3124c000-7f3d3124d000 r--s 00008000 08:11 412740                     /usr/share/java/eclipse-aether-connector-basic.jar
7f3d3124d000-7f3d3124e000 r--s 0000a000 08:11 412886                     /usr/share/java/maven3-settings-3.3.9.jar
7f3d3124e000-7f3d3124f000 r--s 00001000 08:11 412876                     /usr/share/java/wagon-http-shared-2.x.jar
7f3d3124f000-7f3d31251000 r--s 00027000 08:11 412893                     /usr/share/java/maven3-model-3.3.9.jar
7f3d31251000-7f3d31252000 r--s 00001000 08:11 412869                     /usr/share/java/wagon-file-2.x.jar
7f3d31252000-7f3d31254000 r--s 0000a000 08:11 412887                     /usr/share/java/maven3-plugin-api-3.3.9.jar
7f3d31254000-7f3d31256000 r--s 0000a000 08:11 412851                     /usr/share/java/plexus-classworlds2-2.5.2.jar
7f3d31256000-7f3d3125e000 rw-s 00000000 08:11 1061507                    /tmp/hsperfdata_piotrek/5669
7f3d3125e000-7f3d3125f000 rw-p 00000000 00:00 0 
7f3d3125f000-7f3d31260000 ---p 00000000 00:00 0 
7f3d31260000-7f3d31262000 rw-p 00000000 00:00 0 
7f3d31262000-7f3d31263000 r--p 00025000 08:11 662370                     /lib/x86_64-linux-gnu/ld-2.23.so
7f3d31263000-7f3d31264000 rw-p 00026000 08:11 662370                     /lib/x86_64-linux-gnu/ld-2.23.so
7f3d31264000-7f3d31265000 rw-p 00000000 00:00 0 
7ffe57fd1000-7ffe57ff3000 rw-p 00000000 00:00 0                          [stack]
7ffe57ff9000-7ffe57ffb000 r--p 00000000 00:00 0                          [vvar]
7ffe57ffb000-7ffe57ffd000 r-xp 00000000 00:00 0                          [vdso]
ffffffffff600000-ffffffffff601000 r-xp 00000000 00:00 0                  [vsyscall]

VM Arguments:
jvm_args: -Dclassworlds.conf=/usr/share/maven/bin/m2.conf -Dmaven.home=/usr/share/maven -Dmaven.multiModuleProjectDirectory=/home/piotrek/IdeaProjects/jjdd2-gity-z-githuba 
java_command: org.codehaus.plexus.classworlds.launcher.Launcher clean package
java_class_path (initial): /usr/share/maven/boot/plexus-classworlds-2.x.jar
Launcher Type: SUN_STANDARD

Environment Variables:
JAVA_HOME=/usr/lib/jvm/java-8-oracle
PATH=/home/piotrek/bin:/home/piotrek/.local/bin:/usr/local/sbin:/usr/local/bin:/usr/sbin:/usr/bin:/sbin:/bin:/usr/games:/usr/local/games:/snap/bin:/usr/lib/jvm/java-8-oracle/bin:/usr/lib/jvm/java-8-oracle/db/bin:/usr/lib/jvm/java-8-oracle/jre/bin
SHELL=/bin/bash
DISPLAY=:0

Signal Handlers:
SIGSEGV: [libjvm.so+0xacba10], sa_mask[0]=11111111011111111101111111111110, sa_flags=SA_RESTART|SA_SIGINFO
SIGBUS: [libjvm.so+0xacba10], sa_mask[0]=11111111011111111101111111111110, sa_flags=SA_RESTART|SA_SIGINFO
SIGFPE: [libjvm.so+0x924ba0], sa_mask[0]=11111111011111111101111111111110, sa_flags=SA_RESTART|SA_SIGINFO
SIGPIPE: [libjvm.so+0x924ba0], sa_mask[0]=11111111011111111101111111111110, sa_flags=SA_RESTART|SA_SIGINFO
SIGXFSZ: [libjvm.so+0x924ba0], sa_mask[0]=11111111011111111101111111111110, sa_flags=SA_RESTART|SA_SIGINFO
SIGILL: [libjvm.so+0x924ba0], sa_mask[0]=11111111011111111101111111111110, sa_flags=SA_RESTART|SA_SIGINFO
SIGUSR1: SIG_DFL, sa_mask[0]=00000000000000000000000000000000, sa_flags=none
SIGUSR2: [libjvm.so+0x9263e0], sa_mask[0]=00000000000000000000000000000000, sa_flags=SA_RESTART|SA_SIGINFO
SIGHUP: [libjvm.so+0x9277e0], sa_mask[0]=11111111011111111101111111111110, sa_flags=SA_RESTART|SA_SIGINFO
SIGINT: [libjvm.so+0x9277e0], sa_mask[0]=11111111011111111101111111111110, sa_flags=SA_RESTART|SA_SIGINFO
SIGTERM: [libjvm.so+0x9277e0], sa_mask[0]=11111111011111111101111111111110, sa_flags=SA_RESTART|SA_SIGINFO
SIGQUIT: [libjvm.so+0x9277e0], sa_mask[0]=11111111011111111101111111111110, sa_flags=SA_RESTART|SA_SIGINFO


---------------  S Y S T E M  ---------------

OS:DISTRIB_ID=Ubuntu
DISTRIB_RELEASE=16.04
DISTRIB_CODENAME=xenial
DISTRIB_DESCRIPTION="Ubuntu 16.04.3 LTS"

uname:Linux 4.10.0-35-generic #39~16.04.1-Ubuntu SMP Wed Sep 13 09:02:42 UTC 2017 x86_64
libc:glibc 2.23 NPTL 2.23 
rlimit: STACK 8192k, CORE 0k, NPROC 15042, NOFILE 1048576, AS infinity
load average:1,10 1,01 0,85

/proc/meminfo:
MemTotal:        3895380 kB
MemFree:          106940 kB
MemAvailable:      17360 kB
Buffers:             912 kB
Cached:           120420 kB
SwapCached:            0 kB
Active:          3408120 kB
Inactive:         106884 kB
Active(anon):    3395304 kB
Inactive(anon):    91308 kB
Active(file):      12816 kB
Inactive(file):    15576 kB
Unevictable:          32 kB
Mlocked:              32 kB
SwapTotal:             0 kB
SwapFree:              0 kB
Dirty:               544 kB
Writeback:             0 kB
AnonPages:       3394052 kB
Mapped:           110716 kB
Shmem:             92592 kB
Slab:              68960 kB
SReclaimable:      31772 kB
SUnreclaim:        37188 kB
KernelStack:       12800 kB
PageTables:        39468 kB
NFS_Unstable:          0 kB
Bounce:                0 kB
WritebackTmp:          0 kB
CommitLimit:     1947688 kB
Committed_AS:    7629336 kB
VmallocTotal:   34359738367 kB
VmallocUsed:           0 kB
VmallocChunk:          0 kB
HardwareCorrupted:     0 kB
AnonHugePages:   1470464 kB
ShmemHugePages:        0 kB
ShmemPmdMapped:        0 kB
CmaTotal:              0 kB
CmaFree:               0 kB
HugePages_Total:       0
HugePages_Free:        0
HugePages_Rsvd:        0
HugePages_Surp:        0
Hugepagesize:       2048 kB
DirectMap4k:     1133508 kB
DirectMap2M:     2910208 kB


CPU:total 4 (initial active 4) (2 cores per cpu, 2 threads per core) family 6 model 37 stepping 2, cmov, cx8, fxsr, mmx, sse, sse2, sse3, ssse3, sse4.1, sse4.2, popcnt, ht, tsc, tscinvbit

/proc/cpuinfo:
processor	: 0
vendor_id	: GenuineIntel
cpu family	: 6
model		: 37
model name	: Intel(R) Core(TM) i3 CPU       M 350  @ 2.27GHz
stepping	: 2
microcode	: 0xe
cpu MHz		: 2266.000
cache size	: 3072 KB
physical id	: 0
siblings	: 4
core id		: 0
cpu cores	: 2
apicid		: 0
initial apicid	: 0
fpu		: yes
fpu_exception	: yes
cpuid level	: 11
wp		: yes
flags		: fpu vme de pse tsc msr pae mce cx8 apic sep mtrr pge mca cmov pat pse36 clflush dts acpi mmx fxsr sse sse2 ss ht tm pbe syscall nx rdtscp lm constant_tsc arch_perfmon pebs bts rep_good nopl xtopology nonstop_tsc aperfmperf pni dtes64 monitor ds_cpl vmx est tm2 ssse3 cx16 xtpr pdcm sse4_1 sse4_2 popcnt lahf_lm tpr_shadow vnmi flexpriority ept vpid dtherm arat
bugs		:
bogomips	: 4657.79
clflush size	: 64
cache_alignment	: 64
address sizes	: 36 bits physical, 48 bits virtual
power management:

processor	: 1
vendor_id	: GenuineIntel
cpu family	: 6
model		: 37
model name	: Intel(R) Core(TM) i3 CPU       M 350  @ 2.27GHz
stepping	: 2
microcode	: 0xe
cpu MHz		: 2266.000
cache size	: 3072 KB
physical id	: 0
siblings	: 4
core id		: 2
cpu cores	: 2
apicid		: 4
initial apicid	: 4
fpu		: yes
fpu_exception	: yes
cpuid level	: 11
wp		: yes
flags		: fpu vme de pse tsc msr pae mce cx8 apic sep mtrr pge mca cmov pat pse36 clflush dts acpi mmx fxsr sse sse2 ss ht tm pbe syscall nx rdtscp lm constant_tsc arch_perfmon pebs bts rep_good nopl xtopology nonstop_tsc aperfmperf pni dtes64 monitor ds_cpl vmx est tm2 ssse3 cx16 xtpr pdcm sse4_1 sse4_2 popcnt lahf_lm tpr_shadow vnmi flexpriority ept vpid dtherm arat
bugs		:
bogomips	: 4657.79
clflush size	: 64
cache_alignment	: 64
address sizes	: 36 bits physical, 48 bits virtual
power management:

processor	: 2
vendor_id	: GenuineIntel
cpu family	: 6
model		: 37
model name	: Intel(R) Core(TM) i3 CPU       M 350  @ 2.27GHz
stepping	: 2
microcode	: 0xe
cpu MHz		: 2266.000
cache size	: 3072 KB
physical id	: 0
siblings	: 4
core id		: 0
cpu cores	: 2
apicid		: 1
initial apicid	: 1
fpu		: yes
fpu_exception	: yes
cpuid level	: 11
wp		: yes
flags		: fpu vme de pse tsc msr pae mce cx8 apic sep mtrr pge mca cmov pat pse36 clflush dts acpi mmx fxsr sse sse2 ss ht tm pbe syscall nx rdtscp lm constant_tsc arch_perfmon pebs bts rep_good nopl xtopology nonstop_tsc aperfmperf pni dtes64 monitor ds_cpl vmx est tm2 ssse3 cx16 xtpr pdcm sse4_1 sse4_2 popcnt lahf_lm tpr_shadow vnmi flexpriority ept vpid dtherm arat
bugs		:
bogomips	: 4657.79
clflush size	: 64
cache_alignment	: 64
address sizes	: 36 bits physical, 48 bits virtual
power management:

processor	: 3
vendor_id	: GenuineIntel
cpu family	: 6
model		: 37
model name	: Intel(R) Core(TM) i3 CPU       M 350  @ 2.27GHz
stepping	: 2
microcode	: 0xe
cpu MHz		: 2266.000
cache size	: 3072 KB
physical id	: 0
siblings	: 4
core id		: 2
cpu cores	: 2
apicid		: 5
initial apicid	: 5
fpu		: yes
fpu_exception	: yes
cpuid level	: 11
wp		: yes
flags		: fpu vme de pse tsc msr pae mce cx8 apic sep mtrr pge mca cmov pat pse36 clflush dts acpi mmx fxsr sse sse2 ss ht tm pbe syscall nx rdtscp lm constant_tsc arch_perfmon pebs bts rep_good nopl xtopology nonstop_tsc aperfmperf pni dtes64 monitor ds_cpl vmx est tm2 ssse3 cx16 xtpr pdcm sse4_1 sse4_2 popcnt lahf_lm tpr_shadow vnmi flexpriority ept vpid dtherm arat
bugs		:
bogomips	: 4657.79
clflush size	: 64
cache_alignment	: 64
address sizes	: 36 bits physical, 48 bits virtual
power management:



Memory: 4k page, physical 3895380k(106816k free), swap 0k(0k free)

vm_info: Java HotSpot(TM) 64-Bit Server VM (25.144-b01) for linux-amd64 JRE (1.8.0_144-b01), built on Jul 21 2017 21:57:33 by "java_re" with gcc 4.3.0 20080428 (Red Hat 4.3.0-8)

time: Fri Oct  6 10:35:53 2017
elapsed time: 15 seconds (0d 0h 0m 15s)

